#
# There is insufficient memory for the Java Runtime Environment to continue.
# Native memory allocation (malloc) failed to allocate 40640 bytes for Chunk::new
# Possible reasons:
#   The system is out of physical RAM or swap space
#   The process is running with CompressedOops enabled, and the Java Heap may be blocking the growth of the native heap
# Possible solutions:
#   Reduce memory load on the system
#   Increase physical memory or swap space
#   Check if swap backing store is full
#   Decrease Java heap size (-Xmx/-Xms)
#   Decrease number of Java threads
#   Decrease Java thread stack sizes (-Xss)
#   Set larger code cache with -XX:ReservedCodeCacheSize=
#   JVM is running with Unscaled Compressed Oops mode in which the Java heap is
#     placed in the first 4GB address space. The Java Heap base address is the
#     maximum limit for the native heap growth. Please use -XX:HeapBaseMinAddress
#     to set the Java Heap base and to place the Java Heap above 4GB virtual address.
# This output file may be truncated or incomplete.
#
#  Out of Memory Error (./src/hotspot/share/memory/arena.cpp:197), pid=30344, tid=28252
#
# JRE version: OpenJDK Runtime Environment (11.0.10) (build 11.0.10+0-b96-7249189)
# Java VM: OpenJDK 64-Bit Server VM (11.0.10+0-b96-7249189, mixed mode, tiered, compressed oops, g1 gc, windows-amd64)
# No core dump will be written. Minidumps are not enabled by default on client versions of Windows
#

---------------  S U M M A R Y ------------

Command Line: --add-opens=java.base/java.util=ALL-UNNAMED --add-opens=java.base/java.lang=ALL-UNNAMED --add-opens=java.base/java.lang.invoke=ALL-UNNAMED --add-opens=java.base/java.util=ALL-UNNAMED --add-opens=java.prefs/java.util.prefs=ALL-UNNAMED --add-opens=java.prefs/java.util.prefs=ALL-UNNAMED --add-opens=java.base/java.nio.charset=ALL-UNNAMED --add-opens=java.base/java.net=ALL-UNNAMED --add-opens=java.base/java.util.concurrent.atomic=ALL-UNNAMED -Xmx2048m -Dfile.encoding=UTF-8 -Duser.country=CN -Duser.language=zh -Duser.variant org.gradle.launcher.daemon.bootstrap.GradleDaemon 7.0.2

Host: Intel(R) Core(TM) i7-10875H CPU @ 2.30GHz, 16 cores, 15G,  Windows 10 , 64 bit Build 19041 (10.0.19041.1566)
Time: Tue Mar 29 23:35:50 2022 中国标准时间 elapsed time: 6.741916 seconds (0d 0h 0m 6s)

---------------  T H R E A D  ---------------

Current thread (0x000001aca83a2000):  JavaThread "C2 CompilerThread0" daemon [_thread_in_native, id=28252, stack(0x000000785de00000,0x000000785df00000)]


Current CompileTask:
C2:   6742 6275       4       org.gradle.internal.reflect.MethodSet::add (50 bytes)

Stack: [0x000000785de00000,0x000000785df00000]
Native frames: (J=compiled Java code, j=interpreted, Vv=VM code, C=native code)
V  [jvm.dll+0x5ecfaa]
V  [jvm.dll+0x722bd5]
V  [jvm.dll+0x72412d]
V  [jvm.dll+0x7247e3]
V  [jvm.dll+0x242928]
V  [jvm.dll+0xbc4fc]
V  [jvm.dll+0xbca0c]
V  [jvm.dll+0xbc608]
V  [jvm.dll+0x648abc]
V  [jvm.dll+0x50d28c]
V  [jvm.dll+0x673a00]
V  [jvm.dll+0x672ab4]
V  [jvm.dll+0x5168e3]
V  [jvm.dll+0x506524]
V  [jvm.dll+0x1fcbde]
V  [jvm.dll+0x1fa77f]
V  [jvm.dll+0x18354c]
V  [jvm.dll+0x208ee7]
V  [jvm.dll+0x207731]
V  [jvm.dll+0x6eb1cf]
V  [jvm.dll+0x6e3d45]
V  [jvm.dll+0x5ebe96]
C  [ucrtbase.dll+0x21bb2]
C  [KERNEL32.DLL+0x17034]
C  [ntdll.dll+0x52651]


---------------  P R O C E S S  ---------------

Threads class SMR info:
_java_thread_list=0x000001acaf9d4600, length=71, elements={
0x000001ac8ca8e000, 0x000001aca831c000, 0x000001aca831d800, 0x000001aca838f800,
0x000001aca8392000, 0x000001aca8393000, 0x000001aca83a2000, 0x000001aca83a4000,
0x000001aca83b3000, 0x000001aca852a800, 0x000001aca8529000, 0x000001aca7ab9800,
0x000001aca8671800, 0x000001aca9c9b800, 0x000001aca8529800, 0x000001aca8527800,
0x000001aca8525800, 0x000001aca852b800, 0x000001aca8526800, 0x000001aca8528000,
0x000001aca852c000, 0x000001acaab6c000, 0x000001acaab67800, 0x000001acaab6d000,
0x000001acaab6e000, 0x000001acaab69000, 0x000001acaab0a800, 0x000001acaab68000,
0x000001acaab6e800, 0x000001acaab6f800, 0x000001acaab6a000, 0x000001acaab70800,
0x000001acaad0f000, 0x000001acaab6a800, 0x000001acaab71000, 0x000001acadec6800,
0x000001acaab74800, 0x000001acaab75000, 0x000001acaab76000, 0x000001acac2c8000,
0x000001acac2c9000, 0x000001acac2c7800, 0x000001acac2cd000, 0x000001acac2cc000,
0x000001acac2ce000, 0x000001acac2ce800, 0x000001acac2ca800, 0x000001acac2cf800,
0x000001acac2cb800, 0x000001acac2c9800, 0x000001acac2d4800, 0x000001acac2d3800,
0x000001acac2d2800, 0x000001acac2d5000, 0x000001acac2d1000, 0x000001acac2d0800,
0x000001acac2d6000, 0x000001acac2d2000, 0x000001acadd89000, 0x000001acadd8c800,
0x000001acadd8a000, 0x000001acadd8d000, 0x000001acadd8f000, 0x000001acadd8e000,
0x000001acadd8f800, 0x000001acadd8b000, 0x000001acadd90800, 0x000001acadd91800,
0x000001acadd8b800, 0x000001acadd95800, 0x000001acadd97000
}

Java Threads: ( => current thread )
  0x000001ac8ca8e000 JavaThread "main" [_thread_blocked, id=40892, stack(0x000000785d200000,0x000000785d300000)]
  0x000001aca831c000 JavaThread "Reference Handler" daemon [_thread_blocked, id=35396, stack(0x000000785d900000,0x000000785da00000)]
  0x000001aca831d800 JavaThread "Finalizer" daemon [_thread_blocked, id=30436, stack(0x000000785da00000,0x000000785db00000)]
  0x000001aca838f800 JavaThread "Signal Dispatcher" daemon [_thread_blocked, id=37596, stack(0x000000785db00000,0x000000785dc00000)]
  0x000001aca8392000 JavaThread "Attach Listener" daemon [_thread_blocked, id=15648, stack(0x000000785dc00000,0x000000785dd00000)]
  0x000001aca8393000 JavaThread "Service Thread" daemon [_thread_blocked, id=36748, stack(0x000000785dd00000,0x000000785de00000)]
=>0x000001aca83a2000 JavaThread "C2 CompilerThread0" daemon [_thread_in_native, id=28252, stack(0x000000785de00000,0x000000785df00000)]
  0x000001aca83a4000 JavaThread "C1 CompilerThread0" daemon [_thread_blocked, id=34988, stack(0x000000785df00000,0x000000785e000000)]
  0x000001aca83b3000 JavaThread "Sweeper thread" daemon [_thread_blocked, id=28020, stack(0x000000785e000000,0x000000785e100000)]
  0x000001aca852a800 JavaThread "Common-Cleaner" daemon [_thread_blocked, id=18140, stack(0x000000785e200000,0x000000785e300000)]
  0x000001aca8529000 JavaThread "Daemon health stats" [_thread_blocked, id=28164, stack(0x000000785ee00000,0x000000785ef00000)]
  0x000001aca7ab9800 JavaThread "C1 CompilerThread1" daemon [_thread_blocked, id=7644, stack(0x000000785e100000,0x000000785e200000)]
  0x000001aca8671800 JavaThread "C1 CompilerThread2" daemon [_thread_blocked, id=34456, stack(0x000000785e500000,0x000000785e600000)]
  0x000001aca9c9b800 JavaThread "C1 CompilerThread3" daemon [_thread_blocked, id=17464, stack(0x000000785eb00000,0x000000785ec00000)]
  0x000001aca8529800 JavaThread "Incoming local TCP Connector on port 61247" [_thread_in_native, id=16200, stack(0x000000785ec00000,0x000000785ed00000)]
  0x000001aca8527800 JavaThread "Daemon periodic checks" [_thread_blocked, id=33368, stack(0x000000785ed00000,0x000000785ee00000)]
  0x000001aca8525800 JavaThread "Daemon" [_thread_blocked, id=23124, stack(0x000000785ef00000,0x000000785f000000)]
  0x000001aca852b800 JavaThread "Handler for socket connection from /127.0.0.1:61247 to /127.0.0.1:61248" [_thread_in_native, id=16372, stack(0x000000785f000000,0x000000785f100000)]
  0x000001aca8526800 JavaThread "Cancel handler" [_thread_blocked, id=35344, stack(0x000000785f100000,0x000000785f200000)]
  0x000001aca8528000 JavaThread "Daemon worker" [_thread_in_Java, id=33920, stack(0x000000785f200000,0x000000785f300000)]
  0x000001aca852c000 JavaThread "Asynchronous log dispatcher for DefaultDaemonConnection: socket connection from /127.0.0.1:61247 to /127.0.0.1:61248" [_thread_blocked, id=36524, stack(0x000000785f300000,0x000000785f400000)]
  0x000001acaab6c000 JavaThread "Stdin handler" [_thread_blocked, id=34144, stack(0x000000785f400000,0x000000785f500000)]
  0x000001acaab67800 JavaThread "Daemon client event forwarder" [_thread_blocked, id=29388, stack(0x000000785f500000,0x000000785f600000)]
  0x000001acaab6d000 JavaThread "Cache worker for file hash cache (C:\Users\20150\.gradle\caches\7.0.2\fileHashes)" [_thread_blocked, id=29384, stack(0x000000785f600000,0x000000785f700000)]
  0x000001acaab6e000 JavaThread "File lock request listener" [_thread_in_native, id=24204, stack(0x000000785f700000,0x000000785f800000)]
  0x000001acaab69000 JavaThread "Cache worker for journal cache (C:\Users\20150\.gradle\caches\journal-1)" [_thread_blocked, id=9116, stack(0x0000007860100000,0x0000007860200000)]
  0x000001acaab0a800 JavaThread "C2 CompilerThread1" daemon [_thread_blocked, id=22600, stack(0x0000007860200000,0x0000007860300000)]
  0x000001acaab68000 JavaThread "Cache worker for file hash cache (F:\Android_project\five_twoo\.gradle\7.0.2\fileHashes)" [_thread_blocked, id=15248, stack(0x0000007860300000,0x0000007860400000)]
  0x000001acaab6e800 JavaThread "File watcher server" daemon [_thread_in_native, id=21544, stack(0x0000007860400000,0x0000007860500000)]
  0x000001acaab6f800 JavaThread "File watcher consumer" daemon [_thread_blocked, id=6488, stack(0x0000007860500000,0x0000007860600000)]
  0x000001acaab6a000 JavaThread "Cache worker for checksums cache (F:\Android_project\five_twoo\.gradle\checksums)" [_thread_blocked, id=15064, stack(0x0000007860600000,0x0000007860700000)]
  0x000001acaab70800 JavaThread "Cache worker for cache directory md-supplier (C:\Users\20150\.gradle\caches\7.0.2\md-supplier)" [_thread_blocked, id=22196, stack(0x0000007860700000,0x0000007860800000)]
  0x000001acaad0f000 JavaThread "C2 CompilerThread2" daemon [_thread_blocked, id=31908, stack(0x0000007860800000,0x0000007860900000)]
  0x000001acaab6a800 JavaThread "Cache worker for cache directory md-rule (C:\Users\20150\.gradle\caches\7.0.2\md-rule)" [_thread_blocked, id=3124, stack(0x0000007860900000,0x0000007860a00000)]
  0x000001acaab71000 JavaThread "Cache worker for execution history cache (C:\Users\20150\.gradle\caches\7.0.2\executionHistory)" [_thread_blocked, id=8048, stack(0x0000007860a00000,0x0000007860b00000)]
  0x000001acadec6800 JavaThread "C2 CompilerThread3" daemon [_thread_in_native, id=34976, stack(0x0000007860b00000,0x0000007860c00000)]
  0x000001acaab74800 JavaThread "jar transforms" [_thread_blocked, id=29356, stack(0x0000007860e00000,0x0000007860f00000)]
  0x000001acaab75000 JavaThread "jar transforms Thread 2" [_thread_blocked, id=26060, stack(0x0000007860f00000,0x0000007861000000)]
  0x000001acaab76000 JavaThread "Cache worker for file content cache (C:\Users\20150\.gradle\caches\7.0.2\fileContent)" [_thread_blocked, id=8008, stack(0x0000007861000000,0x0000007861100000)]
  0x000001acac2c8000 JavaThread "Cache worker for dependencies-accessors (F:\Android_project\five_twoo\.gradle\7.0.2\dependencies-accessors)" [_thread_blocked, id=14976, stack(0x0000007861100000,0x0000007861200000)]
  0x000001acac2c9000 JavaThread "jar transforms Thread 3" [_thread_blocked, id=15932, stack(0x0000007860d00000,0x0000007860e00000)]
  0x000001acac2c7800 JavaThread "Cache worker for Build Output Cleanup Cache (F:\Android_project\five_twoo\.gradle\buildOutputCleanup)" [_thread_blocked, id=31492, stack(0x0000007861200000,0x0000007861300000)]
  0x000001acac2cd000 JavaThread "Build operations" [_thread_blocked, id=14468, stack(0x0000007861300000,0x0000007861400000)]
  0x000001acac2cc000 JavaThread "Build operations Thread 2" [_thread_blocked, id=30240, stack(0x0000007861400000,0x0000007861500000)]
  0x000001acac2ce000 JavaThread "Build operations Thread 3" [_thread_blocked, id=18308, stack(0x0000007861500000,0x0000007861600000)]
  0x000001acac2ce800 JavaThread "Build operations Thread 4" [_thread_blocked, id=38232, stack(0x0000007861600000,0x0000007861700000)]
  0x000001acac2ca800 JavaThread "Build operations Thread 5" [_thread_blocked, id=39288, stack(0x0000007861700000,0x0000007861800000)]
  0x000001acac2cf800 JavaThread "Build operations Thread 6" [_thread_blocked, id=21392, stack(0x0000007861800000,0x0000007861900000)]
  0x000001acac2cb800 JavaThread "Build operations Thread 7" [_thread_blocked, id=30360, stack(0x0000007861900000,0x0000007861a00000)]
  0x000001acac2c9800 JavaThread "Build operations Thread 8" [_thread_blocked, id=1944, stack(0x0000007861a00000,0x0000007861b00000)]
  0x000001acac2d4800 JavaThread "Build operations Thread 9" [_thread_blocked, id=23500, stack(0x0000007861b00000,0x0000007861c00000)]
  0x000001acac2d3800 JavaThread "Build operations Thread 10" [_thread_blocked, id=30968, stack(0x0000007861c00000,0x0000007861d00000)]
  0x000001acac2d2800 JavaThread "Build operations Thread 11" [_thread_blocked, id=39516, stack(0x0000007861d00000,0x0000007861e00000)]
  0x000001acac2d5000 JavaThread "Build operations Thread 12" [_thread_blocked, id=30484, stack(0x0000007861e00000,0x0000007861f00000)]
  0x000001acac2d1000 JavaThread "Build operations Thread 13" [_thread_blocked, id=7700, stack(0x0000007861f00000,0x0000007862000000)]
  0x000001acac2d0800 JavaThread "Build operations Thread 14" [_thread_blocked, id=29868, stack(0x0000007862000000,0x0000007862100000)]
  0x000001acac2d6000 JavaThread "Build operations Thread 15" [_thread_blocked, id=35028, stack(0x0000007862100000,0x0000007862200000)]
  0x000001acac2d2000 JavaThread "Build operations Thread 16" [_thread_blocked, id=22264, stack(0x0000007862200000,0x0000007862300000)]
  0x000001acadd89000 JavaThread "jar transforms Thread 4" [_thread_blocked, id=15996, stack(0x0000007862300000,0x0000007862400000)]
  0x000001acadd8c800 JavaThread "jar transforms Thread 5" [_thread_blocked, id=3396, stack(0x0000007862400000,0x0000007862500000)]
  0x000001acadd8a000 JavaThread "jar transforms Thread 6" [_thread_blocked, id=1452, stack(0x0000007862500000,0x0000007862600000)]
  0x000001acadd8d000 JavaThread "jar transforms Thread 7" [_thread_blocked, id=38084, stack(0x0000007862600000,0x0000007862700000)]
  0x000001acadd8f000 JavaThread "jar transforms Thread 8" [_thread_blocked, id=28864, stack(0x0000007862700000,0x0000007862800000)]
  0x000001acadd8e000 JavaThread "jar transforms Thread 9" [_thread_blocked, id=40700, stack(0x0000007862800000,0x0000007862900000)]
  0x000001acadd8f800 JavaThread "jar transforms Thread 10" [_thread_blocked, id=37700, stack(0x0000007862900000,0x0000007862a00000)]
  0x000001acadd8b000 JavaThread "jar transforms Thread 11" [_thread_blocked, id=4360, stack(0x0000007862a00000,0x0000007862b00000)]
  0x000001acadd90800 JavaThread "jar transforms Thread 12" [_thread_blocked, id=1068, stack(0x0000007862b00000,0x0000007862c00000)]
  0x000001acadd91800 JavaThread "jar transforms Thread 13" [_thread_blocked, id=40032, stack(0x0000007862c00000,0x0000007862d00000)]
  0x000001acadd8b800 JavaThread "jar transforms Thread 14" [_thread_blocked, id=38196, stack(0x0000007862d00000,0x0000007862e00000)]
  0x000001acadd95800 JavaThread "jar transforms Thread 15" [_thread_blocked, id=40864, stack(0x0000007862e00000,0x0000007862f00000)]
  0x000001acadd97000 JavaThread "jar transforms Thread 16" [_thread_blocked, id=29580, stack(0x0000007862f00000,0x0000007863000000)]

Other Threads:
  0x000001aca8319000 VMThread "VM Thread" [stack: 0x000000785d800000,0x000000785d900000] [id=17200]
  0x000001aca8522000 WatcherThread [stack: 0x000000785e300000,0x000000785e400000] [id=40784]
  0x000001ac8caa9800 GCTaskThread "GC Thread#0" [stack: 0x000000785d300000,0x000000785d400000] [id=35960]
  0x000001aca9b1a800 GCTaskThread "GC Thread#1" [stack: 0x000000785e600000,0x000000785e700000] [id=40400]
  0x000001aca9b70800 GCTaskThread "GC Thread#2" [stack: 0x000000785e700000,0x000000785e800000] [id=9336]
  0x000001aca9b1d000 GCTaskThread "GC Thread#3" [stack: 0x000000785e800000,0x000000785e900000] [id=39992]
  0x000001aca998b000 GCTaskThread "GC Thread#4" [stack: 0x000000785e900000,0x000000785ea00000] [id=15572]
  0x000001aca998b800 GCTaskThread "GC Thread#5" [stack: 0x000000785ea00000,0x000000785eb00000] [id=31868]
  0x000001acaa010800 GCTaskThread "GC Thread#6" [stack: 0x000000785f800000,0x000000785f900000] [id=27060]
  0x000001acab5b7000 GCTaskThread "GC Thread#7" [stack: 0x000000785f900000,0x000000785fa00000] [id=11632]
  0x000001acab5b7800 GCTaskThread "GC Thread#8" [stack: 0x000000785fa00000,0x000000785fb00000] [id=35656]
  0x000001acab034000 GCTaskThread "GC Thread#9" [stack: 0x000000785fb00000,0x000000785fc00000] [id=12812]
  0x000001acab035000 GCTaskThread "GC Thread#10" [stack: 0x000000785fc00000,0x000000785fd00000] [id=19464]
  0x000001acab52f800 GCTaskThread "GC Thread#11" [stack: 0x000000785fd00000,0x000000785fe00000] [id=19744]
  0x000001aca98f6000 GCTaskThread "GC Thread#12" [stack: 0x000000785fe00000,0x000000785ff00000] [id=39220]
  0x000001ac8cadd800 ConcurrentGCThread "G1 Main Marker" [stack: 0x000000785d400000,0x000000785d500000] [id=21124]
  0x000001ac8cae0000 ConcurrentGCThread "G1 Conc#0" [stack: 0x000000785d500000,0x000000785d600000] [id=39016]
  0x000001aca9a28000 ConcurrentGCThread "G1 Conc#1" [stack: 0x000000785ff00000,0x0000007860000000] [id=22628]
  0x000001acaae53800 ConcurrentGCThread "G1 Conc#2" [stack: 0x0000007860000000,0x0000007860100000] [id=6616]
  0x000001aca7963800 ConcurrentGCThread "G1 Refine#0" [stack: 0x000000785d600000,0x000000785d700000] [id=26484]
  0x000001aca7964800 ConcurrentGCThread "G1 Young RemSet Sampling" [stack: 0x000000785d700000,0x000000785d800000] [id=30948]

Threads with active compile tasks:
C2 CompilerThread0   6786 6275       4       org.gradle.internal.reflect.MethodSet::add (50 bytes)
C2 CompilerThread3   6786 6271       4       org.objectweb.asm.SymbolTable::addConstantMemberReference (147 bytes)

VM state:not at safepoint (normal execution)

VM Mutex/Monitor currently owned by a thread: None

Heap address: 0x0000000080000000, size: 2048 MB, Compressed Oops mode: 32-bit
Narrow klass base: 0x0000000000000000, Narrow klass shift: 3
Compressed class space size: 1073741824 Address: 0x0000000100000000

Heap:
 garbage-first heap   total 262144K, used 49426K [0x0000000080000000, 0x0000000100000000)
  region size 1024K, 20 young (20480K), 18 survivors (18432K)
 Metaspace       used 55109K, capacity 56500K, committed 56572K, reserved 1101824K
  class space    used 6955K, capacity 7493K, committed 7552K, reserved 1048576K
Heap Regions: E=young(eden), S=young(survivor), O=old, HS=humongous(starts), HC=humongous(continues), CS=collection set, F=free, A=archive, TAMS=top-at-mark-start (previous, next)
|   0|0x0000000080000000, 0x0000000080100000, 0x0000000080100000|100%| O|  |TAMS 0x0000000080100000, 0x0000000080000000| Untracked 
|   1|0x0000000080100000, 0x0000000080200000, 0x0000000080200000|100%| O|  |TAMS 0x0000000080200000, 0x0000000080100000| Untracked 
|   2|0x0000000080200000, 0x0000000080300000, 0x0000000080300000|100%| O|  |TAMS 0x0000000080300000, 0x0000000080200000| Untracked 
|   3|0x0000000080300000, 0x0000000080400000, 0x0000000080400000|100%|HS|  |TAMS 0x0000000080400000, 0x0000000080300000| Complete 
|   4|0x0000000080400000, 0x0000000080500000, 0x0000000080500000|100%|HC|  |TAMS 0x0000000080500000, 0x0000000080400000| Complete 
|   5|0x0000000080500000, 0x0000000080600000, 0x0000000080600000|100%|HC|  |TAMS 0x0000000080600000, 0x0000000080500000| Complete 
|   6|0x0000000080600000, 0x0000000080700000, 0x0000000080700000|100%| O|  |TAMS 0x0000000080700000, 0x0000000080600000| Untracked 
|   7|0x0000000080700000, 0x0000000080800000, 0x0000000080800000|100%| O|  |TAMS 0x0000000080800000, 0x0000000080700000| Untracked 
|   8|0x0000000080800000, 0x0000000080900000, 0x0000000080900000|100%| O|  |TAMS 0x0000000080900000, 0x0000000080800000| Untracked 
|   9|0x0000000080900000, 0x0000000080a00000, 0x0000000080a00000|100%| O|  |TAMS 0x0000000080a00000, 0x0000000080900000| Untracked 
|  10|0x0000000080a00000, 0x0000000080b00000, 0x0000000080b00000|100%| O|  |TAMS 0x0000000080b00000, 0x0000000080a00000| Untracked 
|  11|0x0000000080b00000, 0x0000000080c00000, 0x0000000080c00000|100%| O|  |TAMS 0x0000000080c00000, 0x0000000080b00000| Untracked 
|  12|0x0000000080c00000, 0x0000000080d00000, 0x0000000080d00000|100%| O|  |TAMS 0x0000000080d00000, 0x0000000080c00000| Untracked 
|  13|0x0000000080d00000, 0x0000000080e00000, 0x0000000080e00000|100%| O|  |TAMS 0x0000000080e00000, 0x0000000080d00000| Untracked 
|  14|0x0000000080e00000, 0x0000000080f00000, 0x0000000080f00000|100%| O|  |TAMS 0x0000000080f00000, 0x0000000080e00000| Untracked 
|  15|0x0000000080f00000, 0x0000000081000000, 0x0000000081000000|100%| O|  |TAMS 0x0000000080fdd400, 0x0000000080f00000| Untracked 
|  16|0x0000000081000000, 0x0000000081100000, 0x0000000081100000|100%|HS|  |TAMS 0x0000000081000000, 0x0000000081000000| Complete 
|  17|0x0000000081100000, 0x0000000081200000, 0x0000000081200000|100%|HS|  |TAMS 0x0000000081100000, 0x0000000081100000| Complete 
|  18|0x0000000081200000, 0x0000000081300000, 0x0000000081300000|100%|HS|  |TAMS 0x0000000081200000, 0x0000000081200000| Complete 
|  19|0x0000000081300000, 0x0000000081400000, 0x0000000081400000|100%|HS|  |TAMS 0x0000000081300000, 0x0000000081300000| Complete 
|  20|0x0000000081400000, 0x0000000081500000, 0x0000000081500000|100%|HC|  |TAMS 0x0000000081400000, 0x0000000081400000| Complete 
|  21|0x0000000081500000, 0x0000000081600000, 0x0000000081600000|100%|HC|  |TAMS 0x0000000081500000, 0x0000000081500000| Complete 
|  22|0x0000000081600000, 0x0000000081700000, 0x0000000081700000|100%|HS|  |TAMS 0x0000000081600000, 0x0000000081600000| Complete 
|  23|0x0000000081700000, 0x0000000081800000, 0x0000000081800000|100%|HC|  |TAMS 0x0000000081700000, 0x0000000081700000| Complete 
|  24|0x0000000081800000, 0x0000000081900000, 0x0000000081900000|100%| O|  |TAMS 0x0000000081800000, 0x0000000081800000| Untracked 
|  25|0x0000000081900000, 0x0000000081a00000, 0x0000000081a00000|100%| O|  |TAMS 0x0000000081900000, 0x0000000081900000| Untracked 
|  26|0x0000000081a00000, 0x0000000081b00000, 0x0000000081b00000|100%| O|  |TAMS 0x0000000081a00000, 0x0000000081a00000| Untracked 
|  27|0x0000000081b00000, 0x0000000081c00000, 0x0000000081c00000|100%| O|  |TAMS 0x0000000081b00000, 0x0000000081b00000| Untracked 
|  28|0x0000000081c00000, 0x0000000081d00000, 0x0000000081d00000|100%| O|  |TAMS 0x0000000081c00000, 0x0000000081c00000| Untracked 
|  29|0x0000000081d00000, 0x0000000081d44a00, 0x0000000081e00000| 26%| O|  |TAMS 0x0000000081d00000, 0x0000000081d00000| Untracked 
|  30|0x0000000081e00000, 0x0000000081e00000, 0x0000000081f00000|  0%| F|  |TAMS 0x0000000081e00000, 0x0000000081e00000| Untracked 
|  31|0x0000000081f00000, 0x0000000081f00000, 0x0000000082000000|  0%| F|  |TAMS 0x0000000081f00000, 0x0000000081f00000| Untracked 
|  32|0x0000000082000000, 0x0000000082000000, 0x0000000082100000|  0%| F|  |TAMS 0x0000000082000000, 0x0000000082000000| Untracked 
|  33|0x0000000082100000, 0x0000000082100000, 0x0000000082200000|  0%| F|  |TAMS 0x0000000082100000, 0x0000000082100000| Untracked 
|  34|0x0000000082200000, 0x0000000082200000, 0x0000000082300000|  0%| F|  |TAMS 0x0000000082200000, 0x0000000082200000| Untracked 
|  35|0x0000000082300000, 0x0000000082300000, 0x0000000082400000|  0%| F|  |TAMS 0x0000000082300000, 0x0000000082300000| Untracked 
|  36|0x0000000082400000, 0x0000000082400000, 0x0000000082500000|  0%| F|  |TAMS 0x0000000082400000, 0x0000000082400000| Untracked 
|  37|0x0000000082500000, 0x0000000082500000, 0x0000000082600000|  0%| F|  |TAMS 0x0000000082500000, 0x0000000082500000| Untracked 
|  38|0x0000000082600000, 0x0000000082600000, 0x0000000082700000|  0%| F|  |TAMS 0x0000000082600000, 0x0000000082600000| Untracked 
|  39|0x0000000082700000, 0x0000000082700000, 0x0000000082800000|  0%| F|  |TAMS 0x0000000082700000, 0x0000000082700000| Untracked 
|  40|0x0000000082800000, 0x0000000082800000, 0x0000000082900000|  0%| F|  |TAMS 0x0000000082800000, 0x0000000082800000| Untracked 
|  41|0x0000000082900000, 0x0000000082900000, 0x0000000082a00000|  0%| F|  |TAMS 0x0000000082900000, 0x0000000082900000| Untracked 
|  42|0x0000000082a00000, 0x0000000082a00000, 0x0000000082b00000|  0%| F|  |TAMS 0x0000000082a00000, 0x0000000082a00000| Untracked 
|  43|0x0000000082b00000, 0x0000000082b00000, 0x0000000082c00000|  0%| F|  |TAMS 0x0000000082b00000, 0x0000000082b00000| Untracked 
|  44|0x0000000082c00000, 0x0000000082c00000, 0x0000000082d00000|  0%| F|  |TAMS 0x0000000082c00000, 0x0000000082c00000| Untracked 
|  45|0x0000000082d00000, 0x0000000082d00000, 0x0000000082e00000|  0%| F|  |TAMS 0x0000000082d00000, 0x0000000082d00000| Untracked 
|  46|0x0000000082e00000, 0x0000000082e00000, 0x0000000082f00000|  0%| F|  |TAMS 0x0000000082e00000, 0x0000000082e00000| Untracked 
|  47|0x0000000082f00000, 0x0000000082f00000, 0x0000000083000000|  0%| F|  |TAMS 0x0000000082f00000, 0x0000000082f00000| Untracked 
|  48|0x0000000083000000, 0x0000000083000000, 0x0000000083100000|  0%| F|  |TAMS 0x0000000083000000, 0x0000000083000000| Untracked 
|  49|0x0000000083100000, 0x0000000083100000, 0x0000000083200000|  0%| F|  |TAMS 0x0000000083100000, 0x0000000083100000| Untracked 
|  50|0x0000000083200000, 0x0000000083200000, 0x0000000083300000|  0%| F|  |TAMS 0x0000000083200000, 0x0000000083200000| Untracked 
|  51|0x0000000083300000, 0x0000000083300000, 0x0000000083400000|  0%| F|  |TAMS 0x0000000083300000, 0x0000000083300000| Untracked 
|  52|0x0000000083400000, 0x0000000083400000, 0x0000000083500000|  0%| F|  |TAMS 0x0000000083400000, 0x0000000083400000| Untracked 
|  53|0x0000000083500000, 0x0000000083500000, 0x0000000083600000|  0%| F|  |TAMS 0x0000000083500000, 0x0000000083500000| Untracked 
|  54|0x0000000083600000, 0x0000000083600000, 0x0000000083700000|  0%| F|  |TAMS 0x0000000083600000, 0x0000000083600000| Untracked 
|  55|0x0000000083700000, 0x0000000083700000, 0x0000000083800000|  0%| F|  |TAMS 0x0000000083700000, 0x0000000083700000| Untracked 
|  56|0x0000000083800000, 0x0000000083800000, 0x0000000083900000|  0%| F|  |TAMS 0x0000000083800000, 0x0000000083800000| Untracked 
|  57|0x0000000083900000, 0x0000000083900000, 0x0000000083a00000|  0%| F|  |TAMS 0x0000000083900000, 0x0000000083900000| Untracked 
|  58|0x0000000083a00000, 0x0000000083a00000, 0x0000000083b00000|  0%| F|  |TAMS 0x0000000083a00000, 0x0000000083a00000| Untracked 
|  59|0x0000000083b00000, 0x0000000083b00000, 0x0000000083c00000|  0%| F|  |TAMS 0x0000000083b00000, 0x0000000083b00000| Untracked 
|  60|0x0000000083c00000, 0x0000000083c00000, 0x0000000083d00000|  0%| F|  |TAMS 0x0000000083c00000, 0x0000000083c00000| Untracked 
|  61|0x0000000083d00000, 0x0000000083d00000, 0x0000000083e00000|  0%| F|  |TAMS 0x0000000083d00000, 0x0000000083d00000| Untracked 
|  62|0x0000000083e00000, 0x0000000083e00000, 0x0000000083f00000|  0%| F|  |TAMS 0x0000000083e00000, 0x0000000083e00000| Untracked 
|  63|0x0000000083f00000, 0x0000000083f00000, 0x0000000084000000|  0%| F|  |TAMS 0x0000000083f00000, 0x0000000083f00000| Untracked 
|  64|0x0000000084000000, 0x0000000084000000, 0x0000000084100000|  0%| F|  |TAMS 0x0000000084000000, 0x0000000084000000| Untracked 
|  65|0x0000000084100000, 0x0000000084100000, 0x0000000084200000|  0%| F|  |TAMS 0x0000000084100000, 0x0000000084100000| Untracked 
|  66|0x0000000084200000, 0x0000000084200000, 0x0000000084300000|  0%| F|  |TAMS 0x0000000084200000, 0x0000000084200000| Untracked 
|  67|0x0000000084300000, 0x0000000084300000, 0x0000000084400000|  0%| F|  |TAMS 0x0000000084300000, 0x0000000084300000| Untracked 
|  68|0x0000000084400000, 0x0000000084400000, 0x0000000084500000|  0%| F|  |TAMS 0x0000000084400000, 0x0000000084400000| Untracked 
|  69|0x0000000084500000, 0x0000000084500000, 0x0000000084600000|  0%| F|  |TAMS 0x0000000084500000, 0x0000000084500000| Untracked 
|  70|0x0000000084600000, 0x0000000084600000, 0x0000000084700000|  0%| F|  |TAMS 0x0000000084600000, 0x0000000084600000| Untracked 
|  71|0x0000000084700000, 0x0000000084700000, 0x0000000084800000|  0%| F|  |TAMS 0x0000000084700000, 0x0000000084700000| Untracked 
|  72|0x0000000084800000, 0x0000000084800000, 0x0000000084900000|  0%| F|  |TAMS 0x0000000084800000, 0x0000000084800000| Untracked 
|  73|0x0000000084900000, 0x0000000084900000, 0x0000000084a00000|  0%| F|  |TAMS 0x0000000084900000, 0x0000000084900000| Untracked 
|  74|0x0000000084a00000, 0x0000000084a00000, 0x0000000084b00000|  0%| F|  |TAMS 0x0000000084a00000, 0x0000000084a00000| Untracked 
|  75|0x0000000084b00000, 0x0000000084b00000, 0x0000000084c00000|  0%| F|  |TAMS 0x0000000084b00000, 0x0000000084b00000| Untracked 
|  76|0x0000000084c00000, 0x0000000084c00000, 0x0000000084d00000|  0%| F|  |TAMS 0x0000000084c00000, 0x0000000084c00000| Untracked 
|  77|0x0000000084d00000, 0x0000000084d00000, 0x0000000084e00000|  0%| F|  |TAMS 0x0000000084d00000, 0x0000000084d00000| Untracked 
|  78|0x0000000084e00000, 0x0000000084e00000, 0x0000000084f00000|  0%| F|  |TAMS 0x0000000084e00000, 0x0000000084e00000| Untracked 
|  79|0x0000000084f00000, 0x0000000084f00000, 0x0000000085000000|  0%| F|  |TAMS 0x0000000084f00000, 0x0000000084f00000| Untracked 
|  80|0x0000000085000000, 0x0000000085000000, 0x0000000085100000|  0%| F|  |TAMS 0x0000000085000000, 0x0000000085000000| Untracked 
|  81|0x0000000085100000, 0x0000000085100000, 0x0000000085200000|  0%| F|  |TAMS 0x0000000085100000, 0x0000000085100000| Untracked 
|  82|0x0000000085200000, 0x0000000085200000, 0x0000000085300000|  0%| F|  |TAMS 0x0000000085200000, 0x0000000085200000| Untracked 
|  83|0x0000000085300000, 0x0000000085300000, 0x0000000085400000|  0%| F|  |TAMS 0x0000000085300000, 0x0000000085300000| Untracked 
|  84|0x0000000085400000, 0x0000000085400000, 0x0000000085500000|  0%| F|  |TAMS 0x0000000085400000, 0x0000000085400000| Untracked 
|  85|0x0000000085500000, 0x0000000085500000, 0x0000000085600000|  0%| F|  |TAMS 0x0000000085500000, 0x0000000085500000| Untracked 
|  86|0x0000000085600000, 0x0000000085600000, 0x0000000085700000|  0%| F|  |TAMS 0x0000000085600000, 0x0000000085600000| Untracked 
|  87|0x0000000085700000, 0x0000000085700000, 0x0000000085800000|  0%| F|  |TAMS 0x0000000085700000, 0x0000000085700000| Untracked 
|  88|0x0000000085800000, 0x0000000085800000, 0x0000000085900000|  0%| F|  |TAMS 0x0000000085800000, 0x0000000085800000| Untracked 
|  89|0x0000000085900000, 0x0000000085900000, 0x0000000085a00000|  0%| F|  |TAMS 0x0000000085900000, 0x0000000085900000| Untracked 
|  90|0x0000000085a00000, 0x0000000085a00000, 0x0000000085b00000|  0%| F|  |TAMS 0x0000000085a00000, 0x0000000085a00000| Untracked 
|  91|0x0000000085b00000, 0x0000000085b00000, 0x0000000085c00000|  0%| F|  |TAMS 0x0000000085b00000, 0x0000000085b00000| Untracked 
|  92|0x0000000085c00000, 0x0000000085c00000, 0x0000000085d00000|  0%| F|  |TAMS 0x0000000085c00000, 0x0000000085c00000| Untracked 
|  93|0x0000000085d00000, 0x0000000085d00000, 0x0000000085e00000|  0%| F|  |TAMS 0x0000000085d00000, 0x0000000085d00000| Untracked 
|  94|0x0000000085e00000, 0x0000000085e00000, 0x0000000085f00000|  0%| F|  |TAMS 0x0000000085e00000, 0x0000000085e00000| Untracked 
|  95|0x0000000085f00000, 0x0000000085f00000, 0x0000000086000000|  0%| F|  |TAMS 0x0000000085f00000, 0x0000000085f00000| Untracked 
|  96|0x0000000086000000, 0x0000000086100000, 0x0000000086100000|100%| S|CS|TAMS 0x0000000086000000, 0x0000000086000000| Complete 
|  97|0x0000000086100000, 0x0000000086200000, 0x0000000086200000|100%| S|CS|TAMS 0x0000000086100000, 0x0000000086100000| Complete 
|  98|0x0000000086200000, 0x0000000086300000, 0x0000000086300000|100%| S|CS|TAMS 0x0000000086200000, 0x0000000086200000| Complete 
|  99|0x0000000086300000, 0x0000000086400000, 0x0000000086400000|100%| S|CS|TAMS 0x0000000086300000, 0x0000000086300000| Complete 
| 100|0x0000000086400000, 0x0000000086500000, 0x0000000086500000|100%| S|CS|TAMS 0x0000000086400000, 0x0000000086400000| Complete 
| 101|0x0000000086500000, 0x0000000086600000, 0x0000000086600000|100%| S|CS|TAMS 0x0000000086500000, 0x0000000086500000| Complete 
| 102|0x0000000086600000, 0x0000000086700000, 0x0000000086700000|100%| S|CS|TAMS 0x0000000086600000, 0x0000000086600000| Complete 
| 103|0x0000000086700000, 0x0000000086800000, 0x0000000086800000|100%| S|CS|TAMS 0x0000000086700000, 0x0000000086700000| Complete 
| 104|0x0000000086800000, 0x0000000086900000, 0x0000000086900000|100%| S|CS|TAMS 0x0000000086800000, 0x0000000086800000| Complete 
| 105|0x0000000086900000, 0x0000000086a00000, 0x0000000086a00000|100%| S|CS|TAMS 0x0000000086900000, 0x0000000086900000| Complete 
| 106|0x0000000086a00000, 0x0000000086b00000, 0x0000000086b00000|100%| S|CS|TAMS 0x0000000086a00000, 0x0000000086a00000| Complete 
| 107|0x0000000086b00000, 0x0000000086c00000, 0x0000000086c00000|100%| S|CS|TAMS 0x0000000086b00000, 0x0000000086b00000| Complete 
| 108|0x0000000086c00000, 0x0000000086d00000, 0x0000000086d00000|100%| S|CS|TAMS 0x0000000086c00000, 0x0000000086c00000| Complete 
| 109|0x0000000086d00000, 0x0000000086e00000, 0x0000000086e00000|100%| S|CS|TAMS 0x0000000086d00000, 0x0000000086d00000| Complete 
| 110|0x0000000086e00000, 0x0000000086f00000, 0x0000000086f00000|100%| S|CS|TAMS 0x0000000086e00000, 0x0000000086e00000| Complete 
| 111|0x0000000086f00000, 0x0000000087000000, 0x0000000087000000|100%| S|CS|TAMS 0x0000000086f00000, 0x0000000086f00000| Complete 
| 112|0x0000000087000000, 0x0000000087100000, 0x0000000087100000|100%| S|CS|TAMS 0x0000000087000000, 0x0000000087000000| Complete 
| 113|0x0000000087100000, 0x0000000087200000, 0x0000000087200000|100%| S|CS|TAMS 0x0000000087100000, 0x0000000087100000| Complete 
| 114|0x0000000087200000, 0x0000000087200000, 0x0000000087300000|  0%| F|  |TAMS 0x0000000087200000, 0x0000000087200000| Untracked 
| 115|0x0000000087300000, 0x0000000087300000, 0x0000000087400000|  0%| F|  |TAMS 0x0000000087300000, 0x0000000087300000| Untracked 
| 116|0x0000000087400000, 0x0000000087400000, 0x0000000087500000|  0%| F|  |TAMS 0x0000000087400000, 0x0000000087400000| Untracked 
| 117|0x0000000087500000, 0x0000000087500000, 0x0000000087600000|  0%| F|  |TAMS 0x0000000087500000, 0x0000000087500000| Untracked 
| 118|0x0000000087600000, 0x0000000087600000, 0x0000000087700000|  0%| F|  |TAMS 0x0000000087600000, 0x0000000087600000| Untracked 
| 119|0x0000000087700000, 0x0000000087700000, 0x0000000087800000|  0%| F|  |TAMS 0x0000000087700000, 0x0000000087700000| Untracked 
| 120|0x0000000087800000, 0x0000000087800000, 0x0000000087900000|  0%| F|  |TAMS 0x0000000087800000, 0x0000000087800000| Untracked 
| 121|0x0000000087900000, 0x0000000087900000, 0x0000000087a00000|  0%| F|  |TAMS 0x0000000087900000, 0x0000000087900000| Untracked 
| 122|0x0000000087a00000, 0x0000000087a00000, 0x0000000087b00000|  0%| F|  |TAMS 0x0000000087a00000, 0x0000000087a00000| Untracked 
| 123|0x0000000087b00000, 0x0000000087b00000, 0x0000000087c00000|  0%| F|  |TAMS 0x0000000087b00000, 0x0000000087b00000| Untracked 
| 124|0x0000000087c00000, 0x0000000087c00000, 0x0000000087d00000|  0%| F|  |TAMS 0x0000000087c00000, 0x0000000087c00000| Untracked 
| 125|0x0000000087d00000, 0x0000000087d00000, 0x0000000087e00000|  0%| F|  |TAMS 0x0000000087d00000, 0x0000000087d00000| Untracked 
| 126|0x0000000087e00000, 0x0000000087e00000, 0x0000000087f00000|  0%| F|  |TAMS 0x0000000087e00000, 0x0000000087e00000| Untracked 
| 127|0x0000000087f00000, 0x0000000087f00000, 0x0000000088000000|  0%| F|  |TAMS 0x0000000087f00000, 0x0000000087f00000| Untracked 
| 128|0x0000000088000000, 0x0000000088000000, 0x0000000088100000|  0%| F|  |TAMS 0x0000000088000000, 0x0000000088000000| Untracked 
| 129|0x0000000088100000, 0x0000000088100000, 0x0000000088200000|  0%| F|  |TAMS 0x0000000088100000, 0x0000000088100000| Untracked 
| 130|0x0000000088200000, 0x0000000088200000, 0x0000000088300000|  0%| F|  |TAMS 0x0000000088200000, 0x0000000088200000| Untracked 
| 131|0x0000000088300000, 0x0000000088300000, 0x0000000088400000|  0%| F|  |TAMS 0x0000000088300000, 0x0000000088300000| Untracked 
| 132|0x0000000088400000, 0x0000000088400000, 0x0000000088500000|  0%| F|  |TAMS 0x0000000088400000, 0x0000000088400000| Untracked 
| 133|0x0000000088500000, 0x0000000088500000, 0x0000000088600000|  0%| F|  |TAMS 0x0000000088500000, 0x0000000088500000| Untracked 
| 134|0x0000000088600000, 0x0000000088600000, 0x0000000088700000|  0%| F|  |TAMS 0x0000000088600000, 0x0000000088600000| Untracked 
| 135|0x0000000088700000, 0x0000000088700000, 0x0000000088800000|  0%| F|  |TAMS 0x0000000088700000, 0x0000000088700000| Untracked 
| 136|0x0000000088800000, 0x0000000088800000, 0x0000000088900000|  0%| F|  |TAMS 0x0000000088800000, 0x0000000088800000| Untracked 
| 137|0x0000000088900000, 0x0000000088900000, 0x0000000088a00000|  0%| F|  |TAMS 0x0000000088900000, 0x0000000088900000| Untracked 
| 138|0x0000000088a00000, 0x0000000088a00000, 0x0000000088b00000|  0%| F|  |TAMS 0x0000000088a00000, 0x0000000088a00000| Untracked 
| 139|0x0000000088b00000, 0x0000000088b00000, 0x0000000088c00000|  0%| F|  |TAMS 0x0000000088b00000, 0x0000000088b00000| Untracked 
| 140|0x0000000088c00000, 0x0000000088c00000, 0x0000000088d00000|  0%| F|  |TAMS 0x0000000088c00000, 0x0000000088c00000| Untracked 
| 141|0x0000000088d00000, 0x0000000088d00000, 0x0000000088e00000|  0%| F|  |TAMS 0x0000000088d00000, 0x0000000088d00000| Untracked 
| 142|0x0000000088e00000, 0x0000000088e00000, 0x0000000088f00000|  0%| F|  |TAMS 0x0000000088e00000, 0x0000000088e00000| Untracked 
| 143|0x0000000088f00000, 0x0000000088f00000, 0x0000000089000000|  0%| F|  |TAMS 0x0000000088f00000, 0x0000000088f00000| Untracked 
| 144|0x0000000089000000, 0x0000000089000000, 0x0000000089100000|  0%| F|  |TAMS 0x0000000089000000, 0x0000000089000000| Untracked 
| 145|0x0000000089100000, 0x0000000089100000, 0x0000000089200000|  0%| F|  |TAMS 0x0000000089100000, 0x0000000089100000| Untracked 
| 146|0x0000000089200000, 0x0000000089200000, 0x0000000089300000|  0%| F|  |TAMS 0x0000000089200000, 0x0000000089200000| Untracked 
| 147|0x0000000089300000, 0x0000000089300000, 0x0000000089400000|  0%| F|  |TAMS 0x0000000089300000, 0x0000000089300000| Untracked 
| 148|0x0000000089400000, 0x0000000089400000, 0x0000000089500000|  0%| F|  |TAMS 0x0000000089400000, 0x0000000089400000| Untracked 
| 149|0x0000000089500000, 0x0000000089500000, 0x0000000089600000|  0%| F|  |TAMS 0x0000000089500000, 0x0000000089500000| Untracked 
| 150|0x0000000089600000, 0x0000000089600000, 0x0000000089700000|  0%| F|  |TAMS 0x0000000089600000, 0x0000000089600000| Untracked 
| 151|0x0000000089700000, 0x0000000089700000, 0x0000000089800000|  0%| F|  |TAMS 0x0000000089700000, 0x0000000089700000| Untracked 
| 152|0x0000000089800000, 0x0000000089800000, 0x0000000089900000|  0%| F|  |TAMS 0x0000000089800000, 0x0000000089800000| Untracked 
| 153|0x0000000089900000, 0x0000000089900000, 0x0000000089a00000|  0%| F|  |TAMS 0x0000000089900000, 0x0000000089900000| Untracked 
| 154|0x0000000089a00000, 0x0000000089a00000, 0x0000000089b00000|  0%| F|  |TAMS 0x0000000089a00000, 0x0000000089a00000| Untracked 
| 155|0x0000000089b00000, 0x0000000089b00000, 0x0000000089c00000|  0%| F|  |TAMS 0x0000000089b00000, 0x0000000089b00000| Untracked 
| 156|0x0000000089c00000, 0x0000000089c00000, 0x0000000089d00000|  0%| F|  |TAMS 0x0000000089c00000, 0x0000000089c00000| Untracked 
| 157|0x0000000089d00000, 0x0000000089d00000, 0x0000000089e00000|  0%| F|  |TAMS 0x0000000089d00000, 0x0000000089d00000| Untracked 
| 158|0x0000000089e00000, 0x0000000089e00000, 0x0000000089f00000|  0%| F|  |TAMS 0x0000000089e00000, 0x0000000089e00000| Untracked 
| 159|0x0000000089f00000, 0x0000000089f00000, 0x000000008a000000|  0%| F|  |TAMS 0x0000000089f00000, 0x0000000089f00000| Untracked 
| 160|0x000000008a000000, 0x000000008a000000, 0x000000008a100000|  0%| F|  |TAMS 0x000000008a000000, 0x000000008a000000| Untracked 
| 161|0x000000008a100000, 0x000000008a100000, 0x000000008a200000|  0%| F|  |TAMS 0x000000008a100000, 0x000000008a100000| Untracked 
| 162|0x000000008a200000, 0x000000008a200000, 0x000000008a300000|  0%| F|  |TAMS 0x000000008a200000, 0x000000008a200000| Untracked 
| 163|0x000000008a300000, 0x000000008a300000, 0x000000008a400000|  0%| F|  |TAMS 0x000000008a300000, 0x000000008a300000| Untracked 
| 164|0x000000008a400000, 0x000000008a400000, 0x000000008a500000|  0%| F|  |TAMS 0x000000008a400000, 0x000000008a400000| Untracked 
| 165|0x000000008a500000, 0x000000008a500000, 0x000000008a600000|  0%| F|  |TAMS 0x000000008a500000, 0x000000008a500000| Untracked 
| 166|0x000000008a600000, 0x000000008a600000, 0x000000008a700000|  0%| F|  |TAMS 0x000000008a600000, 0x000000008a600000| Untracked 
| 167|0x000000008a700000, 0x000000008a700000, 0x000000008a800000|  0%| F|  |TAMS 0x000000008a700000, 0x000000008a700000| Untracked 
| 168|0x000000008a800000, 0x000000008a800000, 0x000000008a900000|  0%| F|  |TAMS 0x000000008a800000, 0x000000008a800000| Untracked 
| 169|0x000000008a900000, 0x000000008a900000, 0x000000008aa00000|  0%| F|  |TAMS 0x000000008a900000, 0x000000008a900000| Untracked 
| 170|0x000000008aa00000, 0x000000008aa00000, 0x000000008ab00000|  0%| F|  |TAMS 0x000000008aa00000, 0x000000008aa00000| Untracked 
| 171|0x000000008ab00000, 0x000000008ab00000, 0x000000008ac00000|  0%| F|  |TAMS 0x000000008ab00000, 0x000000008ab00000| Untracked 
| 172|0x000000008ac00000, 0x000000008ac00000, 0x000000008ad00000|  0%| F|  |TAMS 0x000000008ac00000, 0x000000008ac00000| Untracked 
| 173|0x000000008ad00000, 0x000000008ad00000, 0x000000008ae00000|  0%| F|  |TAMS 0x000000008ad00000, 0x000000008ad00000| Untracked 
| 174|0x000000008ae00000, 0x000000008ae00000, 0x000000008af00000|  0%| F|  |TAMS 0x000000008ae00000, 0x000000008ae00000| Untracked 
| 175|0x000000008af00000, 0x000000008af00000, 0x000000008b000000|  0%| F|  |TAMS 0x000000008af00000, 0x000000008af00000| Untracked 
| 176|0x000000008b000000, 0x000000008b000000, 0x000000008b100000|  0%| F|  |TAMS 0x000000008b000000, 0x000000008b000000| Untracked 
| 177|0x000000008b100000, 0x000000008b100000, 0x000000008b200000|  0%| F|  |TAMS 0x000000008b100000, 0x000000008b100000| Untracked 
| 178|0x000000008b200000, 0x000000008b200000, 0x000000008b300000|  0%| F|  |TAMS 0x000000008b200000, 0x000000008b200000| Untracked 
| 179|0x000000008b300000, 0x000000008b300000, 0x000000008b400000|  0%| F|  |TAMS 0x000000008b300000, 0x000000008b300000| Untracked 
| 180|0x000000008b400000, 0x000000008b400000, 0x000000008b500000|  0%| F|  |TAMS 0x000000008b400000, 0x000000008b400000| Untracked 
| 181|0x000000008b500000, 0x000000008b500000, 0x000000008b600000|  0%| F|  |TAMS 0x000000008b500000, 0x000000008b500000| Untracked 
| 182|0x000000008b600000, 0x000000008b600000, 0x000000008b700000|  0%| F|  |TAMS 0x000000008b600000, 0x000000008b600000| Untracked 
| 183|0x000000008b700000, 0x000000008b700000, 0x000000008b800000|  0%| F|  |TAMS 0x000000008b700000, 0x000000008b700000| Untracked 
| 184|0x000000008b800000, 0x000000008b800000, 0x000000008b900000|  0%| F|  |TAMS 0x000000008b800000, 0x000000008b800000| Untracked 
| 185|0x000000008b900000, 0x000000008b900000, 0x000000008ba00000|  0%| F|  |TAMS 0x000000008b900000, 0x000000008b900000| Untracked 
| 186|0x000000008ba00000, 0x000000008ba00000, 0x000000008bb00000|  0%| F|  |TAMS 0x000000008ba00000, 0x000000008ba00000| Untracked 
| 187|0x000000008bb00000, 0x000000008bb00000, 0x000000008bc00000|  0%| F|  |TAMS 0x000000008bb00000, 0x000000008bb00000| Untracked 
| 188|0x000000008bc00000, 0x000000008bc00000, 0x000000008bd00000|  0%| F|  |TAMS 0x000000008bc00000, 0x000000008bc00000| Untracked 
| 189|0x000000008bd00000, 0x000000008bd00000, 0x000000008be00000|  0%| F|  |TAMS 0x000000008bd00000, 0x000000008bd00000| Untracked 
| 190|0x000000008be00000, 0x000000008be00000, 0x000000008bf00000|  0%| F|  |TAMS 0x000000008be00000, 0x000000008be00000| Untracked 
| 191|0x000000008bf00000, 0x000000008bf00000, 0x000000008c000000|  0%| F|  |TAMS 0x000000008bf00000, 0x000000008bf00000| Untracked 
| 192|0x000000008c000000, 0x000000008c000000, 0x000000008c100000|  0%| F|  |TAMS 0x000000008c000000, 0x000000008c000000| Untracked 
| 193|0x000000008c100000, 0x000000008c100000, 0x000000008c200000|  0%| F|  |TAMS 0x000000008c100000, 0x000000008c100000| Untracked 
| 194|0x000000008c200000, 0x000000008c200000, 0x000000008c300000|  0%| F|  |TAMS 0x000000008c200000, 0x000000008c200000| Untracked 
| 195|0x000000008c300000, 0x000000008c300000, 0x000000008c400000|  0%| F|  |TAMS 0x000000008c300000, 0x000000008c300000| Untracked 
| 196|0x000000008c400000, 0x000000008c400000, 0x000000008c500000|  0%| F|  |TAMS 0x000000008c400000, 0x000000008c400000| Untracked 
| 197|0x000000008c500000, 0x000000008c500000, 0x000000008c600000|  0%| F|  |TAMS 0x000000008c500000, 0x000000008c500000| Untracked 
| 198|0x000000008c600000, 0x000000008c600000, 0x000000008c700000|  0%| F|  |TAMS 0x000000008c600000, 0x000000008c600000| Untracked 
| 199|0x000000008c700000, 0x000000008c700000, 0x000000008c800000|  0%| F|  |TAMS 0x000000008c700000, 0x000000008c700000| Untracked 
| 200|0x000000008c800000, 0x000000008c800000, 0x000000008c900000|  0%| F|  |TAMS 0x000000008c800000, 0x000000008c800000| Untracked 
| 201|0x000000008c900000, 0x000000008c900000, 0x000000008ca00000|  0%| F|  |TAMS 0x000000008c900000, 0x000000008c900000| Untracked 
| 202|0x000000008ca00000, 0x000000008ca00000, 0x000000008cb00000|  0%| F|  |TAMS 0x000000008ca00000, 0x000000008ca00000| Untracked 
| 203|0x000000008cb00000, 0x000000008cb00000, 0x000000008cc00000|  0%| F|  |TAMS 0x000000008cb00000, 0x000000008cb00000| Untracked 
| 204|0x000000008cc00000, 0x000000008cc00000, 0x000000008cd00000|  0%| F|  |TAMS 0x000000008cc00000, 0x000000008cc00000| Untracked 
| 205|0x000000008cd00000, 0x000000008cd00000, 0x000000008ce00000|  0%| F|  |TAMS 0x000000008cd00000, 0x000000008cd00000| Untracked 
| 206|0x000000008ce00000, 0x000000008ce00000, 0x000000008cf00000|  0%| F|  |TAMS 0x000000008ce00000, 0x000000008ce00000| Untracked 
| 207|0x000000008cf00000, 0x000000008cf00000, 0x000000008d000000|  0%| F|  |TAMS 0x000000008cf00000, 0x000000008cf00000| Untracked 
| 208|0x000000008d000000, 0x000000008d000000, 0x000000008d100000|  0%| F|  |TAMS 0x000000008d000000, 0x000000008d000000| Untracked 
| 209|0x000000008d100000, 0x000000008d100000, 0x000000008d200000|  0%| F|  |TAMS 0x000000008d100000, 0x000000008d100000| Untracked 
| 210|0x000000008d200000, 0x000000008d200000, 0x000000008d300000|  0%| F|  |TAMS 0x000000008d200000, 0x000000008d200000| Untracked 
| 211|0x000000008d300000, 0x000000008d300000, 0x000000008d400000|  0%| F|  |TAMS 0x000000008d300000, 0x000000008d300000| Untracked 
| 212|0x000000008d400000, 0x000000008d400000, 0x000000008d500000|  0%| F|  |TAMS 0x000000008d400000, 0x000000008d400000| Untracked 
| 213|0x000000008d500000, 0x000000008d500000, 0x000000008d600000|  0%| F|  |TAMS 0x000000008d500000, 0x000000008d500000| Untracked 
| 214|0x000000008d600000, 0x000000008d600000, 0x000000008d700000|  0%| F|  |TAMS 0x000000008d600000, 0x000000008d600000| Untracked 
| 215|0x000000008d700000, 0x000000008d700000, 0x000000008d800000|  0%| F|  |TAMS 0x000000008d700000, 0x000000008d700000| Untracked 
| 216|0x000000008d800000, 0x000000008d800000, 0x000000008d900000|  0%| F|  |TAMS 0x000000008d800000, 0x000000008d800000| Untracked 
| 217|0x000000008d900000, 0x000000008d900000, 0x000000008da00000|  0%| F|  |TAMS 0x000000008d900000, 0x000000008d900000| Untracked 
| 218|0x000000008da00000, 0x000000008da00000, 0x000000008db00000|  0%| F|  |TAMS 0x000000008da00000, 0x000000008da00000| Untracked 
| 219|0x000000008db00000, 0x000000008db00000, 0x000000008dc00000|  0%| F|  |TAMS 0x000000008db00000, 0x000000008db00000| Untracked 
| 220|0x000000008dc00000, 0x000000008dc00000, 0x000000008dd00000|  0%| F|  |TAMS 0x000000008dc00000, 0x000000008dc00000| Untracked 
| 221|0x000000008dd00000, 0x000000008dd00000, 0x000000008de00000|  0%| F|  |TAMS 0x000000008dd00000, 0x000000008dd00000| Untracked 
| 222|0x000000008de00000, 0x000000008de00000, 0x000000008df00000|  0%| F|  |TAMS 0x000000008de00000, 0x000000008de00000| Untracked 
| 223|0x000000008df00000, 0x000000008df00000, 0x000000008e000000|  0%| F|  |TAMS 0x000000008df00000, 0x000000008df00000| Untracked 
| 224|0x000000008e000000, 0x000000008e000000, 0x000000008e100000|  0%| F|  |TAMS 0x000000008e000000, 0x000000008e000000| Untracked 
| 225|0x000000008e100000, 0x000000008e100000, 0x000000008e200000|  0%| F|  |TAMS 0x000000008e100000, 0x000000008e100000| Untracked 
| 226|0x000000008e200000, 0x000000008e200000, 0x000000008e300000|  0%| F|  |TAMS 0x000000008e200000, 0x000000008e200000| Untracked 
| 227|0x000000008e300000, 0x000000008e300000, 0x000000008e400000|  0%| F|  |TAMS 0x000000008e300000, 0x000000008e300000| Untracked 
| 228|0x000000008e400000, 0x000000008e400000, 0x000000008e500000|  0%| F|  |TAMS 0x000000008e400000, 0x000000008e400000| Untracked 
| 229|0x000000008e500000, 0x000000008e500000, 0x000000008e600000|  0%| F|  |TAMS 0x000000008e500000, 0x000000008e500000| Untracked 
| 230|0x000000008e600000, 0x000000008e600000, 0x000000008e700000|  0%| F|  |TAMS 0x000000008e600000, 0x000000008e600000| Untracked 
| 231|0x000000008e700000, 0x000000008e700000, 0x000000008e800000|  0%| F|  |TAMS 0x000000008e700000, 0x000000008e700000| Untracked 
| 232|0x000000008e800000, 0x000000008e800000, 0x000000008e900000|  0%| F|  |TAMS 0x000000008e800000, 0x000000008e800000| Untracked 
| 233|0x000000008e900000, 0x000000008e900000, 0x000000008ea00000|  0%| F|  |TAMS 0x000000008e900000, 0x000000008e900000| Untracked 
| 234|0x000000008ea00000, 0x000000008ea00000, 0x000000008eb00000|  0%| F|  |TAMS 0x000000008ea00000, 0x000000008ea00000| Untracked 
| 235|0x000000008eb00000, 0x000000008eb00000, 0x000000008ec00000|  0%| F|  |TAMS 0x000000008eb00000, 0x000000008eb00000| Untracked 
| 236|0x000000008ec00000, 0x000000008ec00000, 0x000000008ed00000|  0%| F|  |TAMS 0x000000008ec00000, 0x000000008ec00000| Untracked 
| 237|0x000000008ed00000, 0x000000008ed00000, 0x000000008ee00000|  0%| F|  |TAMS 0x000000008ed00000, 0x000000008ed00000| Untracked 
| 238|0x000000008ee00000, 0x000000008ee00000, 0x000000008ef00000|  0%| F|  |TAMS 0x000000008ee00000, 0x000000008ee00000| Untracked 
| 239|0x000000008ef00000, 0x000000008ef00000, 0x000000008f000000|  0%| F|  |TAMS 0x000000008ef00000, 0x000000008ef00000| Untracked 
| 240|0x000000008f000000, 0x000000008f000000, 0x000000008f100000|  0%| F|  |TAMS 0x000000008f000000, 0x000000008f000000| Untracked 
| 241|0x000000008f100000, 0x000000008f100000, 0x000000008f200000|  0%| F|  |TAMS 0x000000008f100000, 0x000000008f100000| Untracked 
| 242|0x000000008f200000, 0x000000008f200000, 0x000000008f300000|  0%| F|  |TAMS 0x000000008f200000, 0x000000008f200000| Untracked 
| 243|0x000000008f300000, 0x000000008f300000, 0x000000008f400000|  0%| F|  |TAMS 0x000000008f300000, 0x000000008f300000| Untracked 
| 244|0x000000008f400000, 0x000000008f400000, 0x000000008f500000|  0%| F|  |TAMS 0x000000008f400000, 0x000000008f400000| Untracked 
| 245|0x000000008f500000, 0x000000008f500000, 0x000000008f600000|  0%| F|  |TAMS 0x000000008f500000, 0x000000008f500000| Untracked 
| 246|0x000000008f600000, 0x000000008f600000, 0x000000008f700000|  0%| F|  |TAMS 0x000000008f600000, 0x000000008f600000| Untracked 
| 247|0x000000008f700000, 0x000000008f700000, 0x000000008f800000|  0%| F|  |TAMS 0x000000008f700000, 0x000000008f700000| Untracked 
| 248|0x000000008f800000, 0x000000008f800000, 0x000000008f900000|  0%| F|  |TAMS 0x000000008f800000, 0x000000008f800000| Untracked 
| 249|0x000000008f900000, 0x000000008f900000, 0x000000008fa00000|  0%| F|  |TAMS 0x000000008f900000, 0x000000008f900000| Untracked 
| 250|0x000000008fa00000, 0x000000008fa00000, 0x000000008fb00000|  0%| F|  |TAMS 0x000000008fa00000, 0x000000008fa00000| Untracked 
| 251|0x000000008fb00000, 0x000000008fb00000, 0x000000008fc00000|  0%| F|  |TAMS 0x000000008fb00000, 0x000000008fb00000| Untracked 
| 252|0x000000008fc00000, 0x000000008fc00000, 0x000000008fd00000|  0%| F|  |TAMS 0x000000008fc00000, 0x000000008fc00000| Untracked 
| 253|0x000000008fd00000, 0x000000008fd80800, 0x000000008fe00000| 50%| E|  |TAMS 0x000000008fd00000, 0x000000008fd00000| Complete 
| 254|0x000000008fe00000, 0x000000008ff00000, 0x000000008ff00000|100%| E|CS|TAMS 0x000000008fe00000, 0x000000008fe00000| Complete 
| 255|0x000000008ff00000, 0x0000000090000000, 0x0000000090000000|100%| E|CS|TAMS 0x000000008ff00000, 0x000000008ff00000| Complete 

Card table byte_map: [0x000001aca0230000,0x000001aca0630000] _byte_map_base: 0x000001ac9fe30000

Marking Bits (Prev, Next): (CMBitMap*) 0x000001ac8cad4e18, (CMBitMap*) 0x000001ac8cad4e50
 Prev Bits: [0x000001aca0a30000, 0x000001aca2a30000)
 Next Bits: [0x000001aca2a30000, 0x000001aca4a30000)

Polling page: 0x000001ac8aa60000

Metaspace:

Usage:
  Non-class:     48.17 MB capacity,    47.34 MB ( 98%) used,   703.59 KB (  1%) free+waste,   148.63 KB ( <1%) overhead. 
      Class:      7.35 MB capacity,     6.83 MB ( 93%) used,   466.68 KB (  6%) free+waste,    70.06 KB ( <1%) overhead. 
       Both:     55.53 MB capacity,    54.17 MB ( 98%) used,     1.14 MB (  2%) free+waste,   218.69 KB ( <1%) overhead. 

Virtual space:
  Non-class space:       52.00 MB reserved,      48.37 MB ( 93%) committed 
      Class space:        1.00 GB reserved,       7.38 MB ( <1%) committed 
             Both:        1.05 GB reserved,      55.75 MB (  5%) committed 

Chunk freelists:
   Non-Class:  9.00 KB
       Class:  23.00 KB
        Both:  32.00 KB

MaxMetaspaceSize: 17179869184.00 GB
CompressedClassSpaceSize: 1.00 GB

CodeHeap 'non-profiled nmethods': size=119168Kb used=3317Kb max_used=3317Kb free=115850Kb
 bounds [0x000001ac98120000, 0x000001ac98460000, 0x000001ac9f580000]
CodeHeap 'profiled nmethods': size=119168Kb used=13294Kb max_used=13294Kb free=105873Kb
 bounds [0x000001ac90cc0000, 0x000001ac919c0000, 0x000001ac98120000]
CodeHeap 'non-nmethods': size=7424Kb used=3930Kb max_used=3959Kb free=3494Kb
 bounds [0x000001ac90580000, 0x000001ac90970000, 0x000001ac90cc0000]
 total_blobs=7110 nmethods=6287 adapters=729
 compilation: enabled
              stopped_count=0, restarted_count=0
 full_count=0

Compilation events (20 events):
Event: 6.692 Thread 0x000001aca7ab9800 6278       3       sun.reflect.annotation.AnnotationParser::skipMemberValue (11 bytes)
Event: 6.692 Thread 0x000001aca8671800 6279       3       sun.reflect.annotation.AnnotationParser::skipMemberValue (65 bytes)
Event: 6.692 Thread 0x000001aca7ab9800 nmethod 6278 0x000001ac919b1b10 code [0x000001ac919b1ce0, 0x000001ac919b1eb8]
Event: 6.693 Thread 0x000001aca8671800 nmethod 6279 0x000001ac919b1f90 code [0x000001ac919b21c0, 0x000001ac919b2858]
Event: 6.693 Thread 0x000001aca83a4000 6281       3       java.lang.reflect.Proxy$ProxyBuilder::getElementType (19 bytes)
Event: 6.693 Thread 0x000001aca9c9b800 6280       3       java.lang.reflect.Proxy$ProxyBuilder::addElementType (19 bytes)
Event: 6.693 Thread 0x000001aca83a4000 nmethod 6281 0x000001ac919b2a90 code [0x000001ac919b2c60, 0x000001ac919b2f18]
Event: 6.693 Thread 0x000001aca9c9b800 nmethod 6280 0x000001ac919b3090 code [0x000001ac919b32a0, 0x000001ac919b3828]
Event: 6.694 Thread 0x000001aca7ab9800 6282       3       com.google.common.collect.ImmutableSet::builder (8 bytes)
Event: 6.694 Thread 0x000001aca7ab9800 nmethod 6282 0x000001ac919b3a10 code [0x000001ac919b3c00, 0x000001ac919b4008]
Event: 6.707 Thread 0x000001aca8671800 6283       3       jdk.internal.org.objectweb.asm.ClassWriter::newConstItem (320 bytes)
Event: 6.708 Thread 0x000001aca8671800 nmethod 6283 0x000001ac919b4190 code [0x000001ac919b46e0, 0x000001ac919b75f8]
Event: 6.709 Thread 0x000001aca83a4000 6284       3       java.lang.reflect.AccessibleObject::verifyAccess (84 bytes)
Event: 6.709 Thread 0x000001aca9c9b800 6285       3       java.lang.reflect.AccessibleObject::slowVerifyAccess (62 bytes)
Event: 6.709 Thread 0x000001aca83a4000 nmethod 6284 0x000001ac919b8110 code [0x000001ac919b8300, 0x000001ac919b8928]
Event: 6.709 Thread 0x000001aca9c9b800 nmethod 6285 0x000001ac919b8a90 code [0x000001ac919b8ca0, 0x000001ac919b93f8]
Event: 6.710 Thread 0x000001aca7ab9800 6286       1       org.gradle.internal.instantiation.generator.AbstractClassGenerator$MethodMetadata::getGenericReturnType (5 bytes)
Event: 6.710 Thread 0x000001aca7ab9800 nmethod 6286 0x000001ac9845d190 code [0x000001ac9845d340, 0x000001ac9845d3f8]
Event: 6.711 Thread 0x000001aca8671800 6287       3       java.util.TreeMap::<init> (20 bytes)
Event: 6.711 Thread 0x000001aca8671800 nmethod 6287 0x000001ac919b9590 code [0x000001ac919b9740, 0x000001ac919b9938]

GC Heap History (10 events):
Event: 0.756 GC heap before
{Heap before GC invocations=0 (full 0):
 garbage-first heap   total 262144K, used 29696K [0x0000000080000000, 0x0000000100000000)
  region size 1024K, 24 young (24576K), 0 survivors (0K)
 Metaspace       used 10221K, capacity 10469K, committed 10624K, reserved 1058816K
  class space    used 1061K, capacity 1107K, committed 1152K, reserved 1048576K
}
Event: 0.758 GC heap after
{Heap after GC invocations=1 (full 0):
 garbage-first heap   total 262144K, used 9310K [0x0000000080000000, 0x0000000100000000)
  region size 1024K, 3 young (3072K), 3 survivors (3072K)
 Metaspace       used 10221K, capacity 10469K, committed 10624K, reserved 1058816K
  class space    used 1061K, capacity 1107K, committed 1152K, reserved 1048576K
}
Event: 3.796 GC heap before
{Heap before GC invocations=1 (full 0):
 garbage-first heap   total 262144K, used 106590K [0x0000000080000000, 0x0000000100000000)
  region size 1024K, 99 young (101376K), 3 survivors (3072K)
 Metaspace       used 20648K, capacity 21136K, committed 21296K, reserved 1069056K
  class space    used 2505K, capacity 2658K, committed 2688K, reserved 1048576K
}
Event: 3.801 GC heap after
{Heap after GC invocations=2 (full 0):
 garbage-first heap   total 262144K, used 16478K [0x0000000080000000, 0x0000000100000000)
  region size 1024K, 10 young (10240K), 10 survivors (10240K)
 Metaspace       used 20648K, capacity 21136K, committed 21296K, reserved 1069056K
  class space    used 2505K, capacity 2658K, committed 2688K, reserved 1048576K
}
Event: 4.103 GC heap before
{Heap before GC invocations=3 (full 0):
 garbage-first heap   total 262144K, used 61534K [0x0000000080000000, 0x0000000100000000)
  region size 1024K, 54 young (55296K), 10 survivors (10240K)
 Metaspace       used 25289K, capacity 25880K, committed 25904K, reserved 1071104K
  class space    used 3263K, capacity 3456K, committed 3456K, reserved 1048576K
}
Event: 4.107 GC heap after
{Heap after GC invocations=4 (full 0):
 garbage-first heap   total 262144K, used 18363K [0x0000000080000000, 0x0000000100000000)
  region size 1024K, 3 young (3072K), 3 survivors (3072K)
 Metaspace       used 25289K, capacity 25880K, committed 25904K, reserved 1071104K
  class space    used 3263K, capacity 3456K, committed 3456K, reserved 1048576K
}
Event: 4.710 GC heap before
{Heap before GC invocations=4 (full 0):
 garbage-first heap   total 262144K, used 83899K [0x0000000080000000, 0x0000000100000000)
  region size 1024K, 68 young (69632K), 3 survivors (3072K)
 Metaspace       used 34868K, capacity 35582K, committed 35708K, reserved 1081344K
  class space    used 4525K, capacity 4800K, committed 4864K, reserved 1048576K
}
Event: 4.715 GC heap after
{Heap after GC invocations=5 (full 0):
 garbage-first heap   total 262144K, used 21773K [0x0000000080000000, 0x0000000100000000)
  region size 1024K, 6 young (6144K), 6 survivors (6144K)
 Metaspace       used 34868K, capacity 35582K, committed 35708K, reserved 1081344K
  class space    used 4525K, capacity 4800K, committed 4864K, reserved 1048576K
}
Event: 5.473 GC heap before
{Heap before GC invocations=6 (full 0):
 garbage-first heap   total 262144K, used 130317K [0x0000000080000000, 0x0000000100000000)
  region size 1024K, 109 young (111616K), 6 survivors (6144K)
 Metaspace       used 43730K, capacity 44762K, committed 45052K, reserved 1089536K
  class space    used 5561K, capacity 5929K, committed 6016K, reserved 1048576K
}
Event: 5.478 GC heap after
{Heap after GC invocations=7 (full 0):
 garbage-first heap   total 262144K, used 28248K [0x0000000080000000, 0x0000000100000000)
  region size 1024K, 12 young (12288K), 12 survivors (12288K)
 Metaspace       used 43730K, capacity 44762K, committed 45052K, reserved 1089536K
  class space    used 5561K, capacity 5929K, committed 6016K, reserved 1048576K
}

Deoptimization events (20 events):
Event: 6.453 Thread 0x000001aca8528000 Uncommon trap: trap_request=0xffffff4d fr.pc=0x000001ac983e4350 relative=0x00000000000004f0
Event: 6.453 Thread 0x000001aca8528000 Uncommon trap: reason=unstable_if action=reinterpret pc=0x000001ac983e4350 method=com.google.common.collect.RegularImmutableMap.get([I[Ljava/lang/Object;IILjava/lang/Object;)Ljava/lang/Object; @ 34 c2
Event: 6.453 Thread 0x000001aca8528000 DEOPT PACKING pc=0x000001ac983e4350 sp=0x000000785f2f7ed0
Event: 6.453 Thread 0x000001aca8528000 DEOPT UNPACKING pc=0x000001ac905a78af sp=0x000000785f2f7e78 mode 2
Event: 6.531 Thread 0x000001aca8528000 Uncommon trap: trap_request=0xffffff4d fr.pc=0x000001ac982004fc relative=0x000000000000049c
Event: 6.531 Thread 0x000001aca8528000 Uncommon trap: reason=unstable_if action=reinterpret pc=0x000001ac982004fc method=java.lang.String.getBytes([BIB)V @ 5 c2
Event: 6.531 Thread 0x000001aca8528000 DEOPT PACKING pc=0x000001ac982004fc sp=0x000000785f2f7380
Event: 6.531 Thread 0x000001aca8528000 DEOPT UNPACKING pc=0x000001ac905a78af sp=0x000000785f2f7210 mode 2
Event: 6.531 Thread 0x000001aca8528000 Uncommon trap: trap_request=0xffffff4d fr.pc=0x000001ac98155b14 relative=0x0000000000000454
Event: 6.531 Thread 0x000001aca8528000 Uncommon trap: reason=unstable_if action=reinterpret pc=0x000001ac98155b14 method=java.lang.AbstractStringBuilder.putStringAt(ILjava/lang/String;)V @ 8 c2
Event: 6.531 Thread 0x000001aca8528000 DEOPT PACKING pc=0x000001ac98155b14 sp=0x000000785f2f7320
Event: 6.531 Thread 0x000001aca8528000 DEOPT UNPACKING pc=0x000001ac905a78af sp=0x000000785f2f7290 mode 2
Event: 6.531 Thread 0x000001aca8528000 Uncommon trap: trap_request=0xffffff4d fr.pc=0x000001ac98154e6c relative=0x00000000000000cc
Event: 6.531 Thread 0x000001aca8528000 Uncommon trap: reason=unstable_if action=reinterpret pc=0x000001ac98154e6c method=java.lang.String.getBytes([BIB)V @ 5 c2
Event: 6.531 Thread 0x000001aca8528000 DEOPT PACKING pc=0x000001ac98154e6c sp=0x000000785f2f7240
Event: 6.531 Thread 0x000001aca8528000 DEOPT UNPACKING pc=0x000001ac905a78af sp=0x000000785f2f7208 mode 2
Event: 6.701 Thread 0x000001aca8528000 Uncommon trap: trap_request=0xffffff4d fr.pc=0x000001ac9842b2a0 relative=0x0000000000000420
Event: 6.701 Thread 0x000001aca8528000 Uncommon trap: reason=unstable_if action=reinterpret pc=0x000001ac9842b2a0 method=org.gradle.internal.instantiation.generator.AbstractClassGenerator$InjectionAnnotationValidator.validateMethod(Ljava/lang/reflect/Method;Lorg/gradle/internal/reflect/Propert
Event: 6.701 Thread 0x000001aca8528000 DEOPT PACKING pc=0x000001ac9842b2a0 sp=0x000000785f2f7f20
Event: 6.701 Thread 0x000001aca8528000 DEOPT UNPACKING pc=0x000001ac905a78af sp=0x000000785f2f7ee8 mode 2

Classes redefined (0 events):
No events

Internal exceptions (20 events):
Event: 6.269 Thread 0x000001acaab67800 Exception <a 'java/lang/NoSuchMethodError'{0x000000008ae99040}: <clinit>> (0x000000008ae99040) thrown at [./src/hotspot/share/prims/jni.cpp, line 1362]
Event: 6.269 Thread 0x000001acaab67800 Exception <a 'java/lang/NoSuchMethodError'{0x000000008ae9a150}: <clinit>> (0x000000008ae9a150) thrown at [./src/hotspot/share/prims/jni.cpp, line 1362]
Event: 6.269 Thread 0x000001acaab67800 Exception <a 'java/lang/NoSuchMethodError'{0x000000008ae9b458}: <clinit>> (0x000000008ae9b458) thrown at [./src/hotspot/share/prims/jni.cpp, line 1362]
Event: 6.269 Thread 0x000001acaab67800 Exception <a 'java/lang/NoSuchMethodError'{0x000000008ae9c478}: <clinit>> (0x000000008ae9c478) thrown at [./src/hotspot/share/prims/jni.cpp, line 1362]
Event: 6.270 Thread 0x000001acaab67800 Exception <a 'java/lang/NoSuchMethodError'{0x000000008aea6270}: <clinit>> (0x000000008aea6270) thrown at [./src/hotspot/share/prims/jni.cpp, line 1362]
Event: 6.270 Thread 0x000001acaab67800 Exception <a 'java/lang/NoSuchMethodError'{0x000000008aeb0790}: <clinit>> (0x000000008aeb0790) thrown at [./src/hotspot/share/prims/jni.cpp, line 1362]
Event: 6.271 Thread 0x000001acaab67800 Exception <a 'java/lang/NoSuchMethodError'{0x000000008aec4320}: <clinit>> (0x000000008aec4320) thrown at [./src/hotspot/share/prims/jni.cpp, line 1362]
Event: 6.283 Thread 0x000001aca8528000 Exception <a 'java/lang/ClassNotFoundException'{0x000000008ad2e668}: build_bnshoybbeq1iopc8mkgs39abhBeanInfo> (0x000000008ad2e668) thrown at [./src/hotspot/share/classfile/systemDictionary.cpp, line 231]
Event: 6.283 Thread 0x000001aca8528000 Exception <a 'java/lang/ClassNotFoundException'{0x000000008ad39590}: build_bnshoybbeq1iopc8mkgs39abhCustomizer> (0x000000008ad39590) thrown at [./src/hotspot/share/classfile/systemDictionary.cpp, line 231]
Event: 6.289 Thread 0x000001aca8528000 Exception <a 'java/lang/ClassNotFoundException'{0x000000008adb99d0}: org/gradle/plugin/use/internal/PluginRequestCollector$PluginDependenciesSpecImplBeanInfo> (0x000000008adb99d0) thrown at [./src/hotspot/share/classfile/systemDictionary.cpp, line 231]
Event: 6.290 Thread 0x000001aca8528000 Exception <a 'java/lang/ClassNotFoundException'{0x000000008ade7880}: org/gradle/plugin/use/internal/PluginRequestCollector$PluginDependenciesSpecImplCustomizer> (0x000000008ade7880) thrown at [./src/hotspot/share/classfile/systemDictionary.cpp, line 231]
Event: 6.315 Thread 0x000001aca8528000 Exception <a 'java/lang/ClassNotFoundException'{0x000000008aac7a68}: org/gradle/api/internal/plugins/DefaultObjectConfigurationActionBeanInfo> (0x000000008aac7a68) thrown at [./src/hotspot/share/classfile/systemDictionary.cpp, line 231]
Event: 6.315 Thread 0x000001aca8528000 Exception <a 'java/lang/ClassNotFoundException'{0x000000008aafc440}: org/gradle/api/internal/plugins/DefaultObjectConfigurationActionCustomizer> (0x000000008aafc440) thrown at [./src/hotspot/share/classfile/systemDictionary.cpp, line 231]
Event: 6.424 Thread 0x000001aca8528000 Exception <a 'java/lang/NoSuchMethodError'{0x000000008a0d6fa0}: 'java.lang.Object java.lang.invoke.DirectMethodHandle$Holder.invokeStatic(java.lang.Object, java.lang.Object, java.lang.Object, java.lang.Object, int)'> (0x000000008a0d6fa0) thrown at [./src/hotspot/share/interpreter/linkResolver.cpp, line 773]
Event: 6.425 Thread 0x000001aca8528000 Exception <a 'java/lang/NoSuchMethodError'{0x000000008a0db998}: 'java.lang.Object java.lang.invoke.DirectMethodHandle$Holder.invokeSpecial(java.lang.Object, java.lang.Object, java.lang.Object, java.lang.Object, java.lang.Object, int)'> (0x000000008a0db998) thrown at [./src/hotspot/share/interpreter/linkResolver.cpp, line 773]
Event: 6.425 Thread 0x000001aca8528000 Exception <a 'java/lang/NoSuchMethodError'{0x000000008a0dffd8}: 'java.lang.Object java.lang.invoke.Invokers$Holder.linkToTargetMethod(java.lang.Object, java.lang.Object, java.lang.Object, int, java.lang.Object)'> (0x000000008a0dffd8) thrown at [./src/hotspot/share/interpreter/linkResolver.cpp, line 773]
Event: 6.453 Thread 0x000001aca8528000 Implicit null exception at 0x000001ac983e3e95 to 0x000001ac983e4330
Event: 6.564 Thread 0x000001aca8528000 Exception <a 'java/lang/NoSuchMethodError'{0x0000000088599520}: 'java.lang.Object java.lang.invoke.DirectMethodHandle$Holder.invokeSpecial(java.lang.Object, java.lang.Object, int, int, java.lang.Object, java.lang.Object, java.lang.Object)'> (0x0000000088599520) thrown at [./src/hotspot/share/interpreter/linkResolver.cpp, line 773]
Event: 6.564 Thread 0x000001aca8528000 Exception <a 'java/lang/NoSuchMethodError'{0x000000008859daa0}: 'java.lang.Object java.lang.invoke.DelegatingMethodHandle$Holder.reinvoke_L(java.lang.Object, int, int, java.lang.Object, java.lang.Object, java.lang.Object)'> (0x000000008859daa0) thrown at [./src/hotspot/share/interpreter/linkResolver.cpp, line 773]
Event: 6.691 Thread 0x000001aca8528000 Exception <a 'java/lang/NoSuchMethodError'{0x000000008797cf80}: 'int java.lang.invoke.DirectMethodHandle$Holder.invokeInterface(java.lang.Object, java.lang.Object, java.lang.Object, java.lang.Object)'> (0x000000008797cf80) thrown at [./src/hotspot/share/interpreter/linkResolver.cpp, line 773]

Events (20 events):
Event: 6.729 loading class com/google/protobuf/UnknownFieldSet$Parser
Event: 6.729 loading class com/google/protobuf/UnknownFieldSet$Parser done
Event: 6.729 loading class com/google/protobuf/AbstractParser
Event: 6.729 loading class com/google/protobuf/AbstractParser done
Event: 6.730 loading class com/google/protobuf/AbstractMessageLite$Builder$LimitedInputStream
Event: 6.730 loading class com/google/protobuf/AbstractMessageLite$Builder$LimitedInputStream done
Event: 6.730 loading class com/google/protobuf/ExtensionRegistryLite
Event: 6.730 loading class com/google/protobuf/ExtensionRegistryLite done
Event: 6.730 loading class com/google/protobuf/Extension
Event: 6.730 loading class com/google/protobuf/Extension done
Event: 6.731 loading class com/google/protobuf/ExtensionLite
Event: 6.731 loading class com/google/protobuf/ExtensionLite done
Event: 6.731 loading class com/google/protobuf/ExtensionRegistryFactory
Event: 6.731 loading class com/google/protobuf/ExtensionRegistryFactory done
Event: 6.731 loading class com/google/protobuf/ExtensionRegistry
Event: 6.731 loading class com/google/protobuf/ExtensionRegistry done
Event: 6.732 loading class com/google/protobuf/GeneratedMessage$GeneratedExtension
Event: 6.732 loading class com/google/protobuf/GeneratedMessage$GeneratedExtension done
Event: 6.732 loading class com/google/protobuf/Descriptors$FieldDescriptor
Event: 6.732 loading class com/google/protobuf/Descriptors$FieldDescriptor done


Dynamic libraries:
0x00007ff6adeb0000 - 0x00007ff6adeba000 	F:\Android_Studio_Setup\jre\bin\java.exe
0x00007ff9555d0000 - 0x00007ff9557c5000 	C:\Windows\SYSTEM32\ntdll.dll
0x00007ff953660000 - 0x00007ff95371e000 	C:\Windows\System32\KERNEL32.DLL
0x00007ff953110000 - 0x00007ff9533d8000 	C:\Windows\System32\KERNELBASE.dll
0x00007ff952d20000 - 0x00007ff952e20000 	C:\Windows\System32\ucrtbase.dll
0x00007ff94fb40000 - 0x00007ff94fb59000 	F:\Android_Studio_Setup\jre\bin\jli.dll
0x00007ff941c30000 - 0x00007ff941c47000 	F:\Android_Studio_Setup\jre\bin\VCRUNTIME140.dll
0x00007ff954fd0000 - 0x00007ff955170000 	C:\Windows\System32\USER32.dll
0x00007ff952fd0000 - 0x00007ff952ff2000 	C:\Windows\System32\win32u.dll
0x00007ff953850000 - 0x00007ff95387b000 	C:\Windows\System32\GDI32.dll
0x00007ff953470000 - 0x00007ff95357b000 	C:\Windows\System32\gdi32full.dll
0x00007ff953000000 - 0x00007ff95309d000 	C:\Windows\System32\msvcp_win.dll
0x00007ff93eff0000 - 0x00007ff93f28a000 	C:\Windows\WinSxS\amd64_microsoft.windows.common-controls_6595b64144ccf1df_6.0.19041.1110_none_60b5254171f9507e\COMCTL32.dll
0x00007ff954f30000 - 0x00007ff954fce000 	C:\Windows\System32\msvcrt.dll
0x00007ff953630000 - 0x00007ff953660000 	C:\Windows\System32\IMM32.DLL
0x00007ff911f30000 - 0x00007ff911fcd000 	F:\Android_Studio_Setup\jre\bin\msvcp140.dll
0x00007ff8f8b60000 - 0x00007ff8f962f000 	F:\Android_Studio_Setup\jre\bin\server\jvm.dll
0x00007ff953e40000 - 0x00007ff953eee000 	C:\Windows\System32\ADVAPI32.dll
0x00007ff955180000 - 0x00007ff95521c000 	C:\Windows\System32\sechost.dll
0x00007ff954990000 - 0x00007ff954ab5000 	C:\Windows\System32\RPCRT4.dll
0x00007ff955170000 - 0x00007ff955178000 	C:\Windows\System32\PSAPI.DLL
0x00007ff926d40000 - 0x00007ff926d49000 	C:\Windows\SYSTEM32\WSOCK32.dll
0x00007ff954020000 - 0x00007ff95408b000 	C:\Windows\System32\WS2_32.dll
0x00007ff950760000 - 0x00007ff95076a000 	C:\Windows\SYSTEM32\VERSION.dll
0x00007ff948490000 - 0x00007ff9484b7000 	C:\Windows\SYSTEM32\WINMM.dll
0x00007ff951590000 - 0x00007ff9515a2000 	C:\Windows\SYSTEM32\kernel.appcore.dll
0x00007ff8ff480000 - 0x00007ff8ff491000 	F:\Android_Studio_Setup\jre\bin\verify.dll
0x00007ff9512b0000 - 0x00007ff951494000 	C:\Windows\SYSTEM32\DBGHELP.DLL
0x00007ff93bd70000 - 0x00007ff93bd9c000 	C:\Windows\SYSTEM32\dbgcore.DLL
0x00007ff9533e0000 - 0x00007ff953462000 	C:\Windows\System32\bcryptPrimitives.dll
0x00007ff8ff450000 - 0x00007ff8ff479000 	F:\Android_Studio_Setup\jre\bin\java.dll
0x00007ff926950000 - 0x00007ff92695b000 	F:\Android_Studio_Setup\jre\bin\jimage.dll
0x00007ff8ff430000 - 0x00007ff8ff448000 	F:\Android_Studio_Setup\jre\bin\zip.dll
0x00007ff954090000 - 0x00007ff9547d4000 	C:\Windows\System32\SHELL32.dll
0x00007ff950a40000 - 0x00007ff9511d4000 	C:\Windows\SYSTEM32\windows.storage.dll
0x00007ff955230000 - 0x00007ff955584000 	C:\Windows\System32\combase.dll
0x00007ff9526e0000 - 0x00007ff95270c000 	C:\Windows\SYSTEM32\Wldp.dll
0x00007ff953920000 - 0x00007ff9539cd000 	C:\Windows\System32\SHCORE.dll
0x00007ff953ac0000 - 0x00007ff953b15000 	C:\Windows\System32\shlwapi.dll
0x00007ff952c30000 - 0x00007ff952c4f000 	C:\Windows\SYSTEM32\profapi.dll
0x00007ff8ff410000 - 0x00007ff8ff42a000 	F:\Android_Studio_Setup\jre\bin\net.dll
0x00007ff944f30000 - 0x00007ff945039000 	C:\Windows\SYSTEM32\WINHTTP.dll
0x00007ff92e260000 - 0x00007ff92e53c000 	C:\Windows\Netease\Booster\lsp64.dll
0x00007ff952e20000 - 0x00007ff952f76000 	C:\Windows\System32\CRYPT32.dll
0x00007ff9520d0000 - 0x00007ff95210b000 	C:\Windows\SYSTEM32\IPHLPAPI.DLL
0x00007ff9523e0000 - 0x00007ff95244a000 	C:\Windows\system32\mswsock.dll
0x00007ff9530a0000 - 0x00007ff953108000 	C:\Windows\System32\WINTRUST.DLL
0x00007ff9528d0000 - 0x00007ff9528e2000 	C:\Windows\SYSTEM32\MSASN1.dll
0x00007ff953aa0000 - 0x00007ff953abd000 	C:\Windows\System32\imagehlp.dll
0x00007ff952630000 - 0x00007ff952648000 	C:\Windows\SYSTEM32\CRYPTSP.dll
0x00007ff951d60000 - 0x00007ff951d94000 	C:\Windows\system32\rsaenh.dll
0x00007ff952cf0000 - 0x00007ff952d17000 	C:\Windows\System32\bcrypt.dll
0x00007ff952650000 - 0x00007ff95265c000 	C:\Windows\SYSTEM32\CRYPTBASE.dll
0x00007ff8ff3f0000 - 0x00007ff8ff404000 	F:\Android_Studio_Setup\jre\bin\nio.dll
0x00007ff941c00000 - 0x00007ff941c27000 	C:\Users\20150\.gradle\native\8bec1ad78214c89d9ad589b4d07fe93259594b29d510b10fafb7a158f7737e5d\windows-amd64\native-platform.dll
0x00007ff919f40000 - 0x00007ff91a07d000 	C:\Users\20150\.gradle\native\53dbd7edfb1c66fb8903c78663c9afc45aea4f116125fa6feffd364cf09443e8\windows-amd64\native-platform-file-events.dll
0x00007ff926890000 - 0x00007ff92689a000 	F:\Android_Studio_Setup\jre\bin\management.dll
0x00007ff923210000 - 0x00007ff92321c000 	F:\Android_Studio_Setup\jre\bin\management_ext.dll
0x00007ff952bb0000 - 0x00007ff952bde000 	C:\Windows\SYSTEM32\USERENV.dll
0x00007ff953880000 - 0x00007ff953888000 	C:\Windows\System32\NSI.dll
0x00007ff94b640000 - 0x00007ff94b657000 	C:\Windows\SYSTEM32\dhcpcsvc6.DLL
0x00007ff94b4f0000 - 0x00007ff94b50d000 	C:\Windows\SYSTEM32\dhcpcsvc.DLL
0x00007ff952110000 - 0x00007ff9521da000 	C:\Windows\SYSTEM32\DNSAPI.dll

dbghelp: loaded successfully - version: 4.0.5 - missing functions: none
symbol engine: initialized successfully - sym options: 0x614 - pdb path: .;F:\Android_Studio_Setup\jre\bin;C:\Windows\SYSTEM32;C:\Windows\WinSxS\amd64_microsoft.windows.common-controls_6595b64144ccf1df_6.0.19041.1110_none_60b5254171f9507e;F:\Android_Studio_Setup\jre\bin\server;C:\Windows\Netease\Booster;C:\Users\20150\.gradle\native\8bec1ad78214c89d9ad589b4d07fe93259594b29d510b10fafb7a158f7737e5d\windows-amd64;C:\Users\20150\.gradle\native\53dbd7edfb1c66fb8903c78663c9afc45aea4f116125fa6feffd364cf09443e8\windows-amd64

VM Arguments:
jvm_args: --add-opens=java.base/java.util=ALL-UNNAMED --add-opens=java.base/java.lang=ALL-UNNAMED --add-opens=java.base/java.lang.invoke=ALL-UNNAMED --add-opens=java.base/java.util=ALL-UNNAMED --add-opens=java.prefs/java.util.prefs=ALL-UNNAMED --add-opens=java.prefs/java.util.prefs=ALL-UNNAMED --add-opens=java.base/java.nio.charset=ALL-UNNAMED --add-opens=java.base/java.net=ALL-UNNAMED --add-opens=java.base/java.util.concurrent.atomic=ALL-UNNAMED -Xmx2048m -Dfile.encoding=UTF-8 -Duser.country=CN -Duser.language=zh -Duser.variant 
java_command: org.gradle.launcher.daemon.bootstrap.GradleDaemon 7.0.2
java_class_path (initial): C:\Users\20150\.gradle\wrapper\dists\gradle-7.0.2-bin\857tjihv64xamwrf0h14cai3r\gradle-7.0.2\lib\gradle-launcher-7.0.2.jar
Launcher Type: SUN_STANDARD

[Global flags]
     intx CICompilerCount                          = 12                                        {product} {ergonomic}
     uint ConcGCThreads                            = 3                                         {product} {ergonomic}
     uint G1ConcRefinementThreads                  = 13                                        {product} {ergonomic}
   size_t G1HeapRegionSize                         = 1048576                                   {product} {ergonomic}
    uintx GCDrainStackTargetSize                   = 64                                        {product} {ergonomic}
   size_t InitialHeapSize                          = 268435456                                 {product} {ergonomic}
   size_t MarkStackSize                            = 4194304                                   {product} {ergonomic}
   size_t MaxHeapSize                              = 2147483648                                {product} {command line}
   size_t MaxNewSize                               = 1287651328                                {product} {ergonomic}
   size_t MinHeapDeltaBytes                        = 1048576                                   {product} {ergonomic}
    uintx NonNMethodCodeHeapSize                   = 7594288                                {pd product} {ergonomic}
    uintx NonProfiledCodeHeapSize                  = 122031976                              {pd product} {ergonomic}
    uintx ProfiledCodeHeapSize                     = 122031976                              {pd product} {ergonomic}
    uintx ReservedCodeCacheSize                    = 251658240                              {pd product} {ergonomic}
     bool SegmentedCodeCache                       = true                                      {product} {ergonomic}
     bool UseCompressedClassPointers               = true                                 {lp64_product} {ergonomic}
     bool UseCompressedOops                        = true                                 {lp64_product} {ergonomic}
     bool UseG1GC                                  = true                                      {product} {ergonomic}
     bool UseLargePagesIndividualAllocation        = false                                  {pd product} {ergonomic}

Logging:
Log output configuration:
 #0: stdout all=warning uptime,level,tags
 #1: stderr all=off uptime,level,tags

Environment Variables:
JAVA_HOME=H:\Java3\jdk-11.0.12
CLASSPATH=H:\Java3\jdk-11.0.12\bin\dt.jar
PATH=F:\新建文件夹\bin\;H:\Java3\jdk-11.0.12\bin;H:\git\Git\cmd;C:\python;C:\python\Scripts;H:\pythonku\Tesseract-OCR;F:\mysql\mysql-8.0.27-winx64\bin;C:\Program Files\dotnet\;C:\Program Files\Microsoft SQL Server\150\Tools\Binn\;";C:\Windows\system32;C:\Windows;C:\Windows\System32\Wbem";F:\node\;C:\python\Scripts\;C:\python\;C:\Users\20150\AppData\Local\Microsoft\WindowsApps;H:\Microsoft VS Code\bin;C:\Users\20150\.dotnet\tools;C:\Program Files\Bandizip\;F:\mysql\mysql-8.0.27-winx64;F:\php_environment\php-8.0.15-nts-Win32-vs16-x64;F:\php_environment\php-8.0.15-nts-Win32-vs16-x64\ext;F:\php_environment\httpd-2.4.52-o111m-x86-vc15\Apache24\bin;C:\Windows\system32;C:\Users\20150\AppData\Roaming\npm
USERNAME=abc
OS=Windows_NT
PROCESSOR_IDENTIFIER=Intel64 Family 6 Model 165 Stepping 2, GenuineIntel



---------------  S Y S T E M  ---------------

OS: Windows 10 , 64 bit Build 19041 (10.0.19041.1566)
OS uptime: 2 days 5:58 hours

CPU:total 16 (initial active 16) (8 cores per cpu, 2 threads per core) family 6 model 165 stepping 2 microcode 0xe2, cmov, cx8, fxsr, mmx, sse, sse2, sse3, ssse3, sse4.1, sse4.2, popcnt, avx, avx2, aes, clmul, erms, 3dnowpref, lzcnt, ht, tsc, tscinvbit, bmi1, bmi2, adx, fma

Memory: 4k page, system-wide physical 16290M (4630M free)
TotalPageFile size 17090M (AvailPageFile size 5M)
current process WorkingSet (physical memory assigned to process): 387M, peak: 387M
current process commit charge ("private bytes"): 503M, peak: 503M

vm_info: OpenJDK 64-Bit Server VM (11.0.10+0-b96-7249189) for windows-amd64 JRE (11.0.10+0-b96-7249189), built on Mar 31 2021 21:44:00 by "builder" with MS VC++ 14.0 (VS2015)

END.
